[2021-03-05 05:20:26,691] multiqc                                            [DEBUG  ]  No MultiQC config found: /usr/src/multiqc/multiqc_config.yaml
[2021-03-05 05:20:26,691] multiqc                                            [DEBUG  ]  No MultiQC config found: /root/.multiqc_config.yaml
[2021-03-05 05:20:26,851] multiqc                                            [DEBUG  ]  Loading config settings from: multiqc_config.yaml
[2021-03-05 05:20:26,851] multiqc                                            [DEBUG  ]  New config 'title': Mar 4 2021 DDB zinc RNA-seq QC
[2021-03-05 05:20:26,851] multiqc                                            [DEBUG  ]  New config 'subtitle': Analysis of DDB zinc RNA-seq data
[2021-03-05 05:20:26,852] multiqc                                            [DEBUG  ]  New config 'report_header_info': [{'Contact E-mail': 'kdecker@ucsd.edu'}, {'Application Type': 'Microbial RNA-seq Analysis'}]
[2021-03-05 05:20:26,852] multiqc                                            [DEBUG  ]  New config 'custom_logo': None
[2021-03-05 05:20:26,852] multiqc                                            [DEBUG  ]  New config 'custom_logo_url': None
[2021-03-05 05:20:26,852] multiqc                                            [DEBUG  ]  New config 'custom_logo_title': None
[2021-03-05 05:20:26,852] multiqc                                            [DEBUG  ]  New config 'custom_content': {'order': []}
[2021-03-05 05:20:26,852] multiqc                                            [DEBUG  ]  Added to filename clean extensions: ['val_1', '_val_2', '_1.fastq', '_2.fastq', '.infer_experiment', '_bowtie.txt', '_all.txt.summary']
[2021-03-05 05:20:26,852] multiqc                                            [DEBUG  ]  New config 'rseqc_sections': ['infer_experiment']
[2021-03-05 05:20:26,852] multiqc                                            [DEBUG  ]  New config 'run_modules': ['featureCounts', 'bowtie1', 'rseqc', 'cutadapt', 'fastqc']
[2021-03-05 05:20:26,852] multiqc                                            [DEBUG  ]  New config 'top_modules': []
[2021-03-05 05:20:26,852] multiqc                                            [DEBUG  ]  New config 'module_order': ['featureCounts', 'bowtie1', 'rseqc', 'cutadapt', 'fastqc']
[2021-03-05 05:20:26,857] multiqc                                            [DEBUG  ]  Loading config settings from: multiqc_config.yaml
[2021-03-05 05:20:26,857] multiqc                                            [DEBUG  ]  New config 'title': Mar 4 2021 DDB zinc RNA-seq QC
[2021-03-05 05:20:26,857] multiqc                                            [DEBUG  ]  New config 'subtitle': Analysis of DDB zinc RNA-seq data
[2021-03-05 05:20:26,857] multiqc                                            [DEBUG  ]  New config 'report_header_info': [{'Contact E-mail': 'kdecker@ucsd.edu'}, {'Application Type': 'Microbial RNA-seq Analysis'}]
[2021-03-05 05:20:26,857] multiqc                                            [DEBUG  ]  New config 'custom_logo': None
[2021-03-05 05:20:26,857] multiqc                                            [DEBUG  ]  New config 'custom_logo_url': None
[2021-03-05 05:20:26,857] multiqc                                            [DEBUG  ]  New config 'custom_logo_title': None
[2021-03-05 05:20:26,857] multiqc                                            [DEBUG  ]  New config 'custom_content': {'order': []}
[2021-03-05 05:20:26,857] multiqc                                            [DEBUG  ]  Added to filename clean extensions: ['val_1', '_val_2', '_1.fastq', '_2.fastq', '.infer_experiment', '_bowtie.txt', '_all.txt.summary']
[2021-03-05 05:20:26,857] multiqc                                            [DEBUG  ]  New config 'rseqc_sections': ['infer_experiment']
[2021-03-05 05:20:26,857] multiqc                                            [DEBUG  ]  New config 'run_modules': ['featureCounts', 'bowtie1', 'rseqc', 'cutadapt', 'fastqc']
[2021-03-05 05:20:26,857] multiqc                                            [DEBUG  ]  New config 'top_modules': []
[2021-03-05 05:20:26,857] multiqc                                            [DEBUG  ]  New config 'module_order': ['featureCounts', 'bowtie1', 'rseqc', 'cutadapt', 'fastqc']
[2021-03-05 05:20:26,857] multiqc                                            [DEBUG  ]  Command used: /usr/local/bin/multiqc -f -c multiqc_config.yaml .
[2021-03-05 05:20:27,889] multiqc                                            [DEBUG  ]  Latest MultiQC version is v1.9
[2021-03-05 05:20:27,889] multiqc                                            [INFO   ]  This is MultiQC v1.9.dev0
[2021-03-05 05:20:27,889] multiqc                                            [DEBUG  ]  Command     : /usr/local/bin/multiqc -f -c multiqc_config.yaml .
[2021-03-05 05:20:27,889] multiqc                                            [DEBUG  ]  Working dir : /media/katherine/bb1/modulome/20210304_DDB_zinc/modulome-nextflow/work/fe/5475cdce35134de3ae5bfe7dd0691c
[2021-03-05 05:20:27,889] multiqc                                            [INFO   ]  Template    : default
[2021-03-05 05:20:27,889] multiqc                                            [DEBUG  ]  Running Python 3.8.2 (default, Mar 31 2020, 15:36:08)  [GCC 8.3.0]
[2021-03-05 05:20:27,889] multiqc                                            [INFO   ]  Report title: Mar 4 2021 DDB zinc RNA-seq QC
[2021-03-05 05:20:27,890] multiqc                                            [INFO   ]  Searching   : /media/katherine/bb1/modulome/20210304_DDB_zinc/modulome-nextflow/work/fe/5475cdce35134de3ae5bfe7dd0691c
[2021-03-05 05:20:27,890] multiqc                                            [INFO   ]  Only using modules featureCounts, bowtie1, rseqc, cutadapt, fastqc
[2021-03-05 05:20:27,890] multiqc                                            [DEBUG  ]  Analysing modules: featureCounts, bowtie1, rseqc, cutadapt, fastqc
[2021-03-05 05:20:27,890] multiqc                                            [DEBUG  ]  Using temporary directory for creating report: /tmp/tmpk7tfmdca
[2021-03-05 05:20:27,895] multiqc                                            [DEBUG  ]  Ignored 214 search patterns as didn't match running modules.
[2021-03-05 05:20:31,915] multiqc                                            [DEBUG  ]  Ignoring file as matched an ignore pattern: DDB-PD-023-AMBR-R3--S07-RNAseq_S16_val_1_fastqc.html
[2021-03-05 05:20:31,915] multiqc                                            [DEBUG  ]  Ignoring file as matched an ignore pattern: DDB-PD-019-1L-R28--S05-RNAseq_S1_val_2_fastqc.html
[2021-03-05 05:20:31,915] multiqc                                            [DEBUG  ]  Ignoring file as matched an ignore pattern: DDB-PD-023-AMBR-R3--S02-RNAseq_S12_val_1_fastqc.html
[2021-03-05 05:20:31,916] multiqc                                            [DEBUG  ]  Ignoring file as matched an ignore pattern: DDB-PD-023-AMBR-R4--S07-RNAseq_S17_val_2_fastqc.html
[2021-03-05 05:20:31,916] multiqc                                            [DEBUG  ]  Ignoring file as matched an ignore pattern: DDB-I-SF-S1-001-A8-RNAseq_S22_val_1_fastqc.html
[2021-03-05 05:20:31,916] multiqc                                            [DEBUG  ]  Ignoring file as matched an ignore pattern: DDB-PD-019-1L-R28--S06-RNAseq_S2_val_2_fastqc.html
[2021-03-05 05:20:31,916] multiqc                                            [DEBUG  ]  Ignoring file as matched an ignore pattern: DDB-PD-022-30L-R40--S03-RNAseq_S7_val_1_fastqc.html
[2021-03-05 05:20:31,916] multiqc                                            [DEBUG  ]  Ignoring file as matched an ignore pattern: DDB-PD-023-AMBR-R3--S07-RNAseq_S16_val_2_fastqc.html
[2021-03-05 05:20:31,916] multiqc                                            [DEBUG  ]  Ignoring file as matched an ignore pattern: DDB-PD-019-1L-R28--S07-RNAseq_S3_val_1_fastqc.html
[2021-03-05 05:20:31,917] multiqc                                            [DEBUG  ]  Ignoring file as matched an ignore pattern: DDB-PD-023-AMBR-R2--S07-RNAseq_S15_val_2_fastqc.html
[2021-03-05 05:20:31,917] multiqc                                            [DEBUG  ]  Ignoring file as matched an ignore pattern: DDB-PD-023-AMBR-R1--S07-RNAseq_S14_val_2_fastqc.html
[2021-03-05 05:20:31,917] multiqc                                            [DEBUG  ]  Ignoring file as matched an ignore pattern: DDB-PD-022-30L-R40--S06-RNAseq_S8_val_1_fastqc.html
[2021-03-05 05:20:31,917] multiqc                                            [DEBUG  ]  Ignoring file as matched an ignore pattern: DDB-PD-019-1L-R28--S08-RNAseq_S4_val_1_fastqc.html
[2021-03-05 05:20:31,917] multiqc                                            [DEBUG  ]  Ignoring file as matched an ignore pattern: DDB-PD-023-AMBR-R1--S10-RNAseq_S18_val_2_fastqc.html
[2021-03-05 05:20:31,918] multiqc                                            [DEBUG  ]  Ignoring file as matched an ignore pattern: DDB-PD-023-AMBR-R1--S02-RNAseq_S10_val_2_fastqc.html
[2021-03-05 05:20:31,918] multiqc                                            [DEBUG  ]  Ignoring file as matched an ignore pattern: DDB-PD-023-AMBR-R1--S02-RNAseq_S10_val_1_fastqc.html
[2021-03-05 05:20:31,918] multiqc                                            [DEBUG  ]  Ignoring file as matched an ignore pattern: DDB-PD-019-1L-R28--S06-RNAseq_S2_val_1_fastqc.html
[2021-03-05 05:20:31,918] multiqc                                            [DEBUG  ]  Ignoring file as matched an ignore pattern: DDB-PD-022-30L-R40--S11-RNAseq_S9_val_1_fastqc.html
[2021-03-05 05:20:31,919] multiqc                                            [DEBUG  ]  Ignoring file as matched an ignore pattern: DDB-PD-023-AMBR-R4--S10-RNAseq_S20_val_2_fastqc.html
[2021-03-05 05:20:31,919] multiqc                                            [DEBUG  ]  Ignoring file as matched an ignore pattern: DDB-PD-019-1L-R28--S07-RNAseq_S3_val_2_fastqc.html
[2021-03-05 05:20:31,919] multiqc                                            [DEBUG  ]  Ignoring file as matched an ignore pattern: DDB-PD-023-AMBR-R4--S02-RNAseq_S13_val_1_fastqc.html
[2021-03-05 05:20:31,919] multiqc                                            [DEBUG  ]  Ignoring file as matched an ignore pattern: DDB-I-SF-S1-001-A8-RNAseq_S22_val_2_fastqc.html
[2021-03-05 05:20:31,919] multiqc                                            [DEBUG  ]  Ignoring file as matched an ignore pattern: DDB-PD-023-AMBR-R3--S10-RNAseq_S21_val_1_fastqc.html
[2021-03-05 05:20:31,919] multiqc                                            [DEBUG  ]  Ignoring file as matched an ignore pattern: DDB-PD-023-AMBR-R4--S02-RNAseq_S13_val_2_fastqc.html
[2021-03-05 05:20:31,920] multiqc                                            [DEBUG  ]  Ignoring file as matched an ignore pattern: DDB-PD-023-AMBR-R1--S10-RNAseq_S18_val_1_fastqc.html
[2021-03-05 05:20:31,920] multiqc                                            [DEBUG  ]  Ignoring file as matched an ignore pattern: DDB-PD-023-AMBR-R2--S10-RNAseq_S19_val_1_fastqc.html
[2021-03-05 05:20:31,920] multiqc                                            [DEBUG  ]  Ignoring file as matched an ignore pattern: DDB-PD-023-AMBR-R2--S02-RNAseq_S11_val_2_fastqc.html
[2021-03-05 05:20:31,920] multiqc                                            [DEBUG  ]  Ignoring file as matched an ignore pattern: DDB-PD-019-1L-R28--S09-RNAseq_S5_val_1_fastqc.html
[2021-03-05 05:20:31,920] multiqc                                            [DEBUG  ]  Ignoring file as matched an ignore pattern: DDB-PD-023-AMBR-R4--S07-RNAseq_S17_val_1_fastqc.html
[2021-03-05 05:20:31,920] multiqc                                            [DEBUG  ]  Ignoring file as matched an ignore pattern: DDB-PD-019-1L-R28--S08-RNAseq_S4_val_2_fastqc.html
[2021-03-05 05:20:31,920] multiqc                                            [DEBUG  ]  Ignoring file as matched an ignore pattern: DDB-PD-023-AMBR-R2--S07-RNAseq_S15_val_1_fastqc.html
[2021-03-05 05:20:31,921] multiqc                                            [DEBUG  ]  Ignoring file as matched an ignore pattern: DDB-PD-023-AMBR-R2--S10-RNAseq_S19_val_2_fastqc.html
[2021-03-05 05:20:31,921] multiqc                                            [DEBUG  ]  Ignoring file as matched an ignore pattern: DDB-PD-023-AMBR-R2--S02-RNAseq_S11_val_1_fastqc.html
[2021-03-05 05:20:31,921] multiqc                                            [DEBUG  ]  Ignoring file as matched an ignore pattern: DDB-PD-023-AMBR-R3--S02-RNAseq_S12_val_2_fastqc.html
[2021-03-05 05:20:31,921] multiqc                                            [DEBUG  ]  Ignoring file as matched an ignore pattern: DDB-PD-023-AMBR-R3--S10-RNAseq_S21_val_2_fastqc.html
[2021-03-05 05:20:31,921] multiqc                                            [DEBUG  ]  Ignoring file as matched an ignore pattern: DDB-PD-022-30L-R40--S06-RNAseq_S8_val_2_fastqc.html
[2021-03-05 05:20:31,921] multiqc                                            [DEBUG  ]  Ignoring file as matched an ignore pattern: DDB-PD-022-30L-R40--S11-RNAseq_S9_val_2_fastqc.html
[2021-03-05 05:20:31,922] multiqc                                            [DEBUG  ]  Ignoring file as matched an ignore pattern: DDB-PD-022-30L-R40--S03-RNAseq_S7_val_2_fastqc.html
[2021-03-05 05:20:31,922] multiqc                                            [DEBUG  ]  Ignoring file as matched an ignore pattern: DDB-PD-023-AMBR-R1--S07-RNAseq_S14_val_1_fastqc.html
[2021-03-05 05:20:31,922] multiqc                                            [DEBUG  ]  Ignoring file as matched an ignore pattern: DDB-PD-019-1L-R28--S10-RNAseq_S6_val_1_fastqc.html
[2021-03-05 05:20:31,922] multiqc                                            [DEBUG  ]  Ignoring file as matched an ignore pattern: DDB-PD-019-1L-R28--S05-RNAseq_S1_val_1_fastqc.html
[2021-03-05 05:20:31,922] multiqc                                            [DEBUG  ]  Ignoring file as matched an ignore pattern: DDB-PD-023-AMBR-R4--S10-RNAseq_S20_val_1_fastqc.html
[2021-03-05 05:20:31,922] multiqc                                            [DEBUG  ]  Ignoring file as matched an ignore pattern: DDB-PD-019-1L-R28--S10-RNAseq_S6_val_2_fastqc.html
[2021-03-05 05:20:31,922] multiqc                                            [DEBUG  ]  Ignoring file as matched an ignore pattern: DDB-PD-019-1L-R28--S09-RNAseq_S5_val_2_fastqc.html
[2021-03-05 05:20:32,887] multiqc.plots.bargraph                             [DEBUG  ]  Using matplotlib version 3.2.1
[2021-03-05 05:20:32,928] multiqc.modules.featureCounts.feature_counts       [INFO   ]  Found 22 reports
[2021-03-05 05:20:32,936] multiqc.modules.bowtie1.bowtie1                    [INFO   ]  Found 22 reports
[2021-03-05 05:20:32,944] multiqc.modules.rseqc.rseqc                        [INFO   ]  Found 22 infer_experiment reports
[2021-03-05 05:20:32,951] multiqc.plots.linegraph                            [DEBUG  ]  Using matplotlib version 3.2.1
[2021-03-05 05:20:32,960] multiqc.modules.cutadapt.cutadapt                  [DEBUG  ]  Duplicate sample name found! Overwriting: DDB-PD-022-30L-R40--S11-RNAseq_S9
[2021-03-05 05:20:32,966] multiqc.modules.cutadapt.cutadapt                  [DEBUG  ]  Duplicate sample name found! Overwriting: DDB-PD-023-AMBR-R4--S02-RNAseq_S13
[2021-03-05 05:20:32,967] multiqc.modules.cutadapt.cutadapt                  [DEBUG  ]  Duplicate sample name found! Overwriting: DDB-PD-019-1L-R28--S05-RNAseq_S1
[2021-03-05 05:20:32,970] multiqc.modules.cutadapt.cutadapt                  [DEBUG  ]  Duplicate sample name found! Overwriting: DDB-PD-019-1L-R28--S09-RNAseq_S5
[2021-03-05 05:20:32,971] multiqc.modules.cutadapt.cutadapt                  [DEBUG  ]  Duplicate sample name found! Overwriting: DDB-PD-022-30L-R40--S06-RNAseq_S8
[2021-03-05 05:20:32,972] multiqc.modules.cutadapt.cutadapt                  [DEBUG  ]  Duplicate sample name found! Overwriting: DDB-PD-023-AMBR-R1--S02-RNAseq_S10
[2021-03-05 05:20:32,974] multiqc.modules.cutadapt.cutadapt                  [DEBUG  ]  Duplicate sample name found! Overwriting: DDB-PD-023-AMBR-R1--S07-RNAseq_S14
[2021-03-05 05:20:32,975] multiqc.modules.cutadapt.cutadapt                  [DEBUG  ]  Duplicate sample name found! Overwriting: DDB-PD-019-1L-R28--S08-RNAseq_S4
[2021-03-05 05:20:32,976] multiqc.modules.cutadapt.cutadapt                  [DEBUG  ]  Duplicate sample name found! Overwriting: DDB-PD-023-AMBR-R1--S10-RNAseq_S18
[2021-03-05 05:20:32,979] multiqc.modules.cutadapt.cutadapt                  [DEBUG  ]  Duplicate sample name found! Overwriting: DDB-PD-019-1L-R28--S06-RNAseq_S2
[2021-03-05 05:20:32,980] multiqc.modules.cutadapt.cutadapt                  [DEBUG  ]  Duplicate sample name found! Overwriting: DDB-PD-023-AMBR-R2--S07-RNAseq_S15
[2021-03-05 05:20:32,982] multiqc.modules.cutadapt.cutadapt                  [DEBUG  ]  Duplicate sample name found! Overwriting: DDB-PD-023-AMBR-R3--S07-RNAseq_S16
[2021-03-05 05:20:32,983] multiqc.modules.cutadapt.cutadapt                  [DEBUG  ]  Duplicate sample name found! Overwriting: DDB-PD-019-1L-R28--S07-RNAseq_S3
[2021-03-05 05:20:32,984] multiqc.modules.cutadapt.cutadapt                  [DEBUG  ]  Duplicate sample name found! Overwriting: DDB-PD-023-AMBR-R4--S10-RNAseq_S20
[2021-03-05 05:20:32,984] multiqc.modules.cutadapt.cutadapt                  [DEBUG  ]  Duplicate sample name found! Overwriting: DDB-PD-023-AMBR-R3--S10-RNAseq_S21
[2021-03-05 05:20:32,985] multiqc.modules.cutadapt.cutadapt                  [DEBUG  ]  Duplicate sample name found! Overwriting: DDB-PD-022-30L-R40--S03-RNAseq_S7
[2021-03-05 05:20:32,986] multiqc.modules.cutadapt.cutadapt                  [DEBUG  ]  Duplicate sample name found! Overwriting: DDB-PD-023-AMBR-R4--S07-RNAseq_S17
[2021-03-05 05:20:32,988] multiqc.modules.cutadapt.cutadapt                  [DEBUG  ]  Duplicate sample name found! Overwriting: DDB-PD-023-AMBR-R2--S02-RNAseq_S11
[2021-03-05 05:20:32,989] multiqc.modules.cutadapt.cutadapt                  [DEBUG  ]  Duplicate sample name found! Overwriting: DDB-PD-023-AMBR-R3--S02-RNAseq_S12
[2021-03-05 05:20:32,990] multiqc.modules.cutadapt.cutadapt                  [DEBUG  ]  Duplicate sample name found! Overwriting: DDB-I-SF-S1-001-A8-RNAseq_S22
[2021-03-05 05:20:32,991] multiqc.modules.cutadapt.cutadapt                  [DEBUG  ]  Duplicate sample name found! Overwriting: DDB-PD-023-AMBR-R2--S10-RNAseq_S19
[2021-03-05 05:20:32,992] multiqc.modules.cutadapt.cutadapt                  [DEBUG  ]  Duplicate sample name found! Overwriting: DDB-PD-019-1L-R28--S10-RNAseq_S6
[2021-03-05 05:20:32,993] multiqc.modules.cutadapt.cutadapt                  [INFO   ]  Found 22 reports
[2021-03-05 05:20:34,052] multiqc.modules.fastqc.fastqc                      [DEBUG  ]  Duplicate sample name found! Overwriting: DDB-PD-023-AMBR-R4--S07-RNAseq_S17
[2021-03-05 05:20:34,261] multiqc.modules.fastqc.fastqc                      [DEBUG  ]  Duplicate sample name found! Overwriting: DDB-PD-019-1L-R28--S05-RNAseq_S1
[2021-03-05 05:20:34,292] multiqc.modules.fastqc.fastqc                      [DEBUG  ]  Duplicate sample name found! Overwriting: DDB-PD-023-AMBR-R2--S10-RNAseq_S19
[2021-03-05 05:20:34,453] multiqc.modules.fastqc.fastqc                      [DEBUG  ]  Duplicate sample name found! Overwriting: DDB-PD-023-AMBR-R1--S10-RNAseq_S18
[2021-03-05 05:20:34,483] multiqc.modules.fastqc.fastqc                      [DEBUG  ]  Duplicate sample name found! Overwriting: DDB-PD-022-30L-R40--S06-RNAseq_S8
[2021-03-05 05:20:34,616] multiqc.modules.fastqc.fastqc                      [DEBUG  ]  Duplicate sample name found! Overwriting: DDB-PD-023-AMBR-R3--S10-RNAseq_S21
[2021-03-05 05:20:34,669] multiqc.modules.fastqc.fastqc                      [DEBUG  ]  Duplicate sample name found! Overwriting: DDB-PD-023-AMBR-R1--S02-RNAseq_S10
[2021-03-05 05:20:34,705] multiqc.modules.fastqc.fastqc                      [DEBUG  ]  Duplicate sample name found! Overwriting: DDB-PD-022-30L-R40--S03-RNAseq_S7
[2021-03-05 05:20:34,793] multiqc.modules.fastqc.fastqc                      [DEBUG  ]  Duplicate sample name found! Overwriting: DDB-PD-023-AMBR-R4--S02-RNAseq_S13
[2021-03-05 05:20:34,820] multiqc.modules.fastqc.fastqc                      [DEBUG  ]  Duplicate sample name found! Overwriting: DDB-PD-019-1L-R28--S07-RNAseq_S3
[2021-03-05 05:20:34,878] multiqc.modules.fastqc.fastqc                      [DEBUG  ]  Duplicate sample name found! Overwriting: DDB-PD-019-1L-R28--S10-RNAseq_S6
[2021-03-05 05:20:34,903] multiqc.modules.fastqc.fastqc                      [DEBUG  ]  Duplicate sample name found! Overwriting: DDB-PD-023-AMBR-R2--S07-RNAseq_S15
[2021-03-05 05:20:34,932] multiqc.modules.fastqc.fastqc                      [DEBUG  ]  Duplicate sample name found! Overwriting: DDB-PD-019-1L-R28--S09-RNAseq_S5
[2021-03-05 05:20:34,973] multiqc.modules.fastqc.fastqc                      [DEBUG  ]  Duplicate sample name found! Overwriting: DDB-I-SF-S1-001-A8-RNAseq_S22
[2021-03-05 05:20:34,990] multiqc.modules.fastqc.fastqc                      [DEBUG  ]  Duplicate sample name found! Overwriting: DDB-PD-022-30L-R40--S11-RNAseq_S9
[2021-03-05 05:20:35,011] multiqc.modules.fastqc.fastqc                      [DEBUG  ]  Duplicate sample name found! Overwriting: DDB-PD-023-AMBR-R2--S02-RNAseq_S11
[2021-03-05 05:20:35,035] multiqc.modules.fastqc.fastqc                      [DEBUG  ]  Duplicate sample name found! Overwriting: DDB-PD-023-AMBR-R1--S07-RNAseq_S14
[2021-03-05 05:20:35,059] multiqc.modules.fastqc.fastqc                      [DEBUG  ]  Duplicate sample name found! Overwriting: DDB-PD-023-AMBR-R3--S07-RNAseq_S16
[2021-03-05 05:20:35,084] multiqc.modules.fastqc.fastqc                      [DEBUG  ]  Duplicate sample name found! Overwriting: DDB-PD-019-1L-R28--S06-RNAseq_S2
[2021-03-05 05:20:35,140] multiqc.modules.fastqc.fastqc                      [DEBUG  ]  Duplicate sample name found! Overwriting: DDB-PD-019-1L-R28--S08-RNAseq_S4
[2021-03-05 05:20:35,169] multiqc.modules.fastqc.fastqc                      [DEBUG  ]  Duplicate sample name found! Overwriting: DDB-PD-023-AMBR-R3--S02-RNAseq_S12
[2021-03-05 05:20:35,196] multiqc.modules.fastqc.fastqc                      [DEBUG  ]  Duplicate sample name found! Overwriting: DDB-PD-023-AMBR-R4--S10-RNAseq_S20
[2021-03-05 05:20:35,213] multiqc.modules.fastqc.fastqc                      [INFO   ]  Found 22 reports
[2021-03-05 05:20:35,357] multiqc                                            [INFO   ]  Compressing plot data
[2021-03-05 05:20:35,688] multiqc                                            [INFO   ]  Report      : multiqc_report.html
[2021-03-05 05:20:35,688] multiqc                                            [INFO   ]  Data        : multiqc_data
[2021-03-05 05:20:35,688] multiqc                                            [DEBUG  ]  Moving data file from '/tmp/tmpk7tfmdca/multiqc_data' to '/media/katherine/bb1/modulome/20210304_DDB_zinc/modulome-nextflow/work/fe/5475cdce35134de3ae5bfe7dd0691c/multiqc_data'
[2021-03-05 05:20:35,769] multiqc                                            [INFO   ]  MultiQC complete
