[2020-11-21 00:23:08,334] multiqc                                            [DEBUG  ]  No MultiQC config found: /usr/src/multiqc/multiqc_config.yaml
[2020-11-21 00:23:08,334] multiqc                                            [DEBUG  ]  No MultiQC config found: /root/.multiqc_config.yaml
[2020-11-21 00:23:08,502] multiqc                                            [DEBUG  ]  Loading config settings from: multiqc_config.yaml
[2020-11-21 00:23:08,502] multiqc                                            [DEBUG  ]  New config 'title': Modulome
[2020-11-21 00:23:08,503] multiqc                                            [DEBUG  ]  New config 'subtitle': Analysis of public microbial RNA-seq data
[2020-11-21 00:23:08,503] multiqc                                            [DEBUG  ]  New config 'report_header_info': [{'Contact E-mail': 'avsastry@ucsd.edu'}, {'Application Type': 'Microbial RNA-seq Analysis'}]
[2020-11-21 00:23:08,503] multiqc                                            [DEBUG  ]  New config 'custom_logo': None
[2020-11-21 00:23:08,503] multiqc                                            [DEBUG  ]  New config 'custom_logo_url': None
[2020-11-21 00:23:08,503] multiqc                                            [DEBUG  ]  New config 'custom_logo_title': None
[2020-11-21 00:23:08,503] multiqc                                            [DEBUG  ]  New config 'custom_content': {'order': []}
[2020-11-21 00:23:08,503] multiqc                                            [DEBUG  ]  Added to filename clean extensions: ['val_1', '_val_2', '_1.fastq', '_2.fastq', '.infer_experiment', '_bowtie.txt', '_all.txt.summary']
[2020-11-21 00:23:08,503] multiqc                                            [DEBUG  ]  New config 'rseqc_sections': ['infer_experiment']
[2020-11-21 00:23:08,503] multiqc                                            [DEBUG  ]  New config 'run_modules': ['featureCounts', 'bowtie1', 'rseqc', 'cutadapt', 'fastqc']
[2020-11-21 00:23:08,503] multiqc                                            [DEBUG  ]  New config 'top_modules': []
[2020-11-21 00:23:08,503] multiqc                                            [DEBUG  ]  New config 'module_order': ['featureCounts', 'bowtie1', 'rseqc', 'cutadapt', 'fastqc']
[2020-11-21 00:23:08,508] multiqc                                            [DEBUG  ]  Loading config settings from: multiqc_config.yaml
[2020-11-21 00:23:08,508] multiqc                                            [DEBUG  ]  New config 'title': Modulome
[2020-11-21 00:23:08,508] multiqc                                            [DEBUG  ]  New config 'subtitle': Analysis of public microbial RNA-seq data
[2020-11-21 00:23:08,508] multiqc                                            [DEBUG  ]  New config 'report_header_info': [{'Contact E-mail': 'avsastry@ucsd.edu'}, {'Application Type': 'Microbial RNA-seq Analysis'}]
[2020-11-21 00:23:08,508] multiqc                                            [DEBUG  ]  New config 'custom_logo': None
[2020-11-21 00:23:08,508] multiqc                                            [DEBUG  ]  New config 'custom_logo_url': None
[2020-11-21 00:23:08,508] multiqc                                            [DEBUG  ]  New config 'custom_logo_title': None
[2020-11-21 00:23:08,508] multiqc                                            [DEBUG  ]  New config 'custom_content': {'order': []}
[2020-11-21 00:23:08,508] multiqc                                            [DEBUG  ]  Added to filename clean extensions: ['val_1', '_val_2', '_1.fastq', '_2.fastq', '.infer_experiment', '_bowtie.txt', '_all.txt.summary']
[2020-11-21 00:23:08,508] multiqc                                            [DEBUG  ]  New config 'rseqc_sections': ['infer_experiment']
[2020-11-21 00:23:08,508] multiqc                                            [DEBUG  ]  New config 'run_modules': ['featureCounts', 'bowtie1', 'rseqc', 'cutadapt', 'fastqc']
[2020-11-21 00:23:08,508] multiqc                                            [DEBUG  ]  New config 'top_modules': []
[2020-11-21 00:23:08,508] multiqc                                            [DEBUG  ]  New config 'module_order': ['featureCounts', 'bowtie1', 'rseqc', 'cutadapt', 'fastqc']
[2020-11-21 00:23:08,508] multiqc                                            [DEBUG  ]  Command used: /usr/local/bin/multiqc -f -c multiqc_config.yaml .
[2020-11-21 00:23:09,667] multiqc                                            [DEBUG  ]  Latest MultiQC version is v1.9
[2020-11-21 00:23:09,668] multiqc                                            [INFO   ]  This is MultiQC v1.9.dev0
[2020-11-21 00:23:09,668] multiqc                                            [DEBUG  ]  Command     : /usr/local/bin/multiqc -f -c multiqc_config.yaml .
[2020-11-21 00:23:09,668] multiqc                                            [DEBUG  ]  Working dir : /media/katherine/bb1/modulome/20201119_DDB2_part2/modulome-nextflow/work/d2/c4f55a2aad7822f1698ddedd11a3f7
[2020-11-21 00:23:09,668] multiqc                                            [INFO   ]  Template    : default
[2020-11-21 00:23:09,668] multiqc                                            [DEBUG  ]  Running Python 3.8.2 (default, Mar 31 2020, 15:36:08)  [GCC 8.3.0]
[2020-11-21 00:23:09,668] multiqc                                            [INFO   ]  Report title: Modulome
[2020-11-21 00:23:09,668] multiqc                                            [INFO   ]  Searching   : /media/katherine/bb1/modulome/20201119_DDB2_part2/modulome-nextflow/work/d2/c4f55a2aad7822f1698ddedd11a3f7
[2020-11-21 00:23:09,668] multiqc                                            [INFO   ]  Only using modules featureCounts, bowtie1, rseqc, cutadapt, fastqc
[2020-11-21 00:23:09,668] multiqc                                            [DEBUG  ]  Analysing modules: featureCounts, bowtie1, rseqc, cutadapt, fastqc
[2020-11-21 00:23:09,669] multiqc                                            [DEBUG  ]  Using temporary directory for creating report: /tmp/tmpklc7x2hq
[2020-11-21 00:23:09,675] multiqc                                            [DEBUG  ]  Ignored 214 search patterns as didn't match running modules.
[2020-11-21 00:23:09,921] multiqc                                            [DEBUG  ]  Ignoring file as matched an ignore pattern: DDB-PD-004-AMBR-R5--S10-RNAseq_S20_val_1_fastqc.html
[2020-11-21 00:23:09,922] multiqc                                            [DEBUG  ]  Ignoring file as matched an ignore pattern: DDB-PD-004-AMBR-R5--S10-RNAseq_S20_val_2_fastqc.html
[2020-11-21 00:23:09,922] multiqc                                            [DEBUG  ]  Ignoring file as matched an ignore pattern: DDB-PD-004-AMBR-R6--S07-RNAseq_S12_val_1_fastqc.html
[2020-11-21 00:23:09,922] multiqc                                            [DEBUG  ]  Ignoring file as matched an ignore pattern: DDB-PD-005-AMBR-R2--S02-RNAseq_S22_val_1_fastqc.html
[2020-11-21 00:23:09,922] multiqc                                            [DEBUG  ]  Ignoring file as matched an ignore pattern: DDB-PD-004-AMBR-R4--S10-RNAseq_S19_val_1_fastqc.html
[2020-11-21 00:23:09,922] multiqc                                            [DEBUG  ]  Ignoring file as matched an ignore pattern: DDB-PD-004-AMBR-R7--S07-RNAseq_S13_val_1_fastqc.html
[2020-11-21 00:23:09,922] multiqc                                            [DEBUG  ]  Ignoring file as matched an ignore pattern: DDB-PD-004-AMBR-R4--S07-RNAseq_S10_val_1_fastqc.html
[2020-11-21 00:23:09,923] multiqc                                            [DEBUG  ]  Ignoring file as matched an ignore pattern: DDB-PD-004-AMBR-R7--S07-RNAseq_S13_val_2_fastqc.html
[2020-11-21 00:23:09,923] multiqc                                            [DEBUG  ]  Ignoring file as matched an ignore pattern: DDB-PD-005-AMBR-R1--S02-RNAseq_S21_val_1_fastqc.html
[2020-11-21 00:23:09,923] multiqc                                            [DEBUG  ]  Ignoring file as matched an ignore pattern: DDB-PD-005-AMBR-R3--S02-RNAseq_S23_val_2_fastqc.html
[2020-11-21 00:23:09,923] multiqc                                            [DEBUG  ]  Ignoring file as matched an ignore pattern: DDB-PD-004-AMBR-R1--S10-RNAseq_S16_val_2_fastqc.html
[2020-11-21 00:23:09,923] multiqc                                            [DEBUG  ]  Ignoring file as matched an ignore pattern: DDB-PD-004-AMBR-R5--S07-RNAseq_S11_val_1_fastqc.html
[2020-11-21 00:23:09,923] multiqc                                            [DEBUG  ]  Ignoring file as matched an ignore pattern: DDB-PD-004-AMBR-R8--S07-RNAseq_S15_val_1_fastqc.html
[2020-11-21 00:23:09,923] multiqc                                            [DEBUG  ]  Ignoring file as matched an ignore pattern: DDB-I-SF-S1-001-A4-RNAseq_S14_val_2_fastqc.html
[2020-11-21 00:23:09,923] multiqc                                            [DEBUG  ]  Ignoring file as matched an ignore pattern: DDB-PD-004-AMBR-R6--S07-RNAseq_S12_val_2_fastqc.html
[2020-11-21 00:23:09,924] multiqc                                            [DEBUG  ]  Ignoring file as matched an ignore pattern: DDB-PD-004-AMBR-R4--S10-RNAseq_S19_val_2_fastqc.html
[2020-11-21 00:23:09,924] multiqc                                            [DEBUG  ]  Ignoring file as matched an ignore pattern: DDB-PD-004-AMBR-R5--S07-RNAseq_S11_val_2_fastqc.html
[2020-11-21 00:23:09,924] multiqc                                            [DEBUG  ]  Ignoring file as matched an ignore pattern: DDB-PD-004-AMBR-R4--S07-RNAseq_S10_val_2_fastqc.html
[2020-11-21 00:23:09,925] multiqc                                            [DEBUG  ]  Ignoring file as matched an ignore pattern: DDB-PD-004-AMBR-R3--S10-RNAseq_S18_val_2_fastqc.html
[2020-11-21 00:23:09,925] multiqc                                            [DEBUG  ]  Ignoring file as matched an ignore pattern: DDB-I-SF-S1-001-A4-RNAseq_S14_val_1_fastqc.html
[2020-11-21 00:23:09,925] multiqc                                            [DEBUG  ]  Ignoring file as matched an ignore pattern: DDB-PD-005-AMBR-R1--S02-RNAseq_S21_val_2_fastqc.html
[2020-11-21 00:23:09,925] multiqc                                            [DEBUG  ]  Ignoring file as matched an ignore pattern: DDB-PD-005-AMBR-R2--S02-RNAseq_S22_val_2_fastqc.html
[2020-11-21 00:23:09,925] multiqc                                            [DEBUG  ]  Ignoring file as matched an ignore pattern: DDB-PD-004-AMBR-R2--S10-RNAseq_S17_val_1_fastqc.html
[2020-11-21 00:23:09,925] multiqc                                            [DEBUG  ]  Ignoring file as matched an ignore pattern: DDB-PD-004-AMBR-R2--S10-RNAseq_S17_val_2_fastqc.html
[2020-11-21 00:23:09,925] multiqc                                            [DEBUG  ]  Ignoring file as matched an ignore pattern: DDB-PD-005-AMBR-R3--S02-RNAseq_S23_val_1_fastqc.html
[2020-11-21 00:23:09,925] multiqc                                            [DEBUG  ]  Ignoring file as matched an ignore pattern: DDB-PD-004-AMBR-R3--S10-RNAseq_S18_val_1_fastqc.html
[2020-11-21 00:23:09,925] multiqc                                            [DEBUG  ]  Ignoring file as matched an ignore pattern: DDB-PD-004-AMBR-R8--S07-RNAseq_S15_val_2_fastqc.html
[2020-11-21 00:23:09,925] multiqc                                            [DEBUG  ]  Ignoring file as matched an ignore pattern: DDB-PD-004-AMBR-R1--S10-RNAseq_S16_val_1_fastqc.html
[2020-11-21 00:23:10,372] multiqc.plots.bargraph                             [DEBUG  ]  Using matplotlib version 3.2.1
[2020-11-21 00:23:10,411] multiqc.modules.featureCounts.feature_counts       [INFO   ]  Found 14 reports
[2020-11-21 00:23:10,418] multiqc.modules.bowtie1.bowtie1                    [INFO   ]  Found 14 reports
[2020-11-21 00:23:10,426] multiqc.modules.rseqc.rseqc                        [INFO   ]  Found 14 infer_experiment reports
[2020-11-21 00:23:10,433] multiqc.plots.linegraph                            [DEBUG  ]  Using matplotlib version 3.2.1
[2020-11-21 00:23:10,441] multiqc.modules.cutadapt.cutadapt                  [DEBUG  ]  Duplicate sample name found! Overwriting: DDB-PD-004-AMBR-R6--S07-RNAseq_S12
[2020-11-21 00:23:10,442] multiqc.modules.cutadapt.cutadapt                  [DEBUG  ]  Duplicate sample name found! Overwriting: DDB-PD-004-AMBR-R2--S10-RNAseq_S17
[2020-11-21 00:23:10,443] multiqc.modules.cutadapt.cutadapt                  [DEBUG  ]  Duplicate sample name found! Overwriting: DDB-PD-004-AMBR-R5--S07-RNAseq_S11
[2020-11-21 00:23:10,446] multiqc.modules.cutadapt.cutadapt                  [DEBUG  ]  Duplicate sample name found! Overwriting: DDB-I-SF-S1-001-A4-RNAseq_S14
[2020-11-21 00:23:10,447] multiqc.modules.cutadapt.cutadapt                  [DEBUG  ]  Duplicate sample name found! Overwriting: DDB-PD-004-AMBR-R7--S07-RNAseq_S13
[2020-11-21 00:23:10,449] multiqc.modules.cutadapt.cutadapt                  [DEBUG  ]  Duplicate sample name found! Overwriting: DDB-PD-004-AMBR-R4--S10-RNAseq_S19
[2020-11-21 00:23:10,450] multiqc.modules.cutadapt.cutadapt                  [DEBUG  ]  Duplicate sample name found! Overwriting: DDB-PD-004-AMBR-R1--S10-RNAseq_S16
[2020-11-21 00:23:10,451] multiqc.modules.cutadapt.cutadapt                  [DEBUG  ]  Duplicate sample name found! Overwriting: DDB-PD-005-AMBR-R1--S02-RNAseq_S21
[2020-11-21 00:23:10,452] multiqc.modules.cutadapt.cutadapt                  [DEBUG  ]  Duplicate sample name found! Overwriting: DDB-PD-004-AMBR-R5--S10-RNAseq_S20
[2020-11-21 00:23:10,454] multiqc.modules.cutadapt.cutadapt                  [DEBUG  ]  Duplicate sample name found! Overwriting: DDB-PD-004-AMBR-R4--S07-RNAseq_S10
[2020-11-21 00:23:10,455] multiqc.modules.cutadapt.cutadapt                  [DEBUG  ]  Duplicate sample name found! Overwriting: DDB-PD-005-AMBR-R2--S02-RNAseq_S22
[2020-11-21 00:23:10,456] multiqc.modules.cutadapt.cutadapt                  [DEBUG  ]  Duplicate sample name found! Overwriting: DDB-PD-005-AMBR-R3--S02-RNAseq_S23
[2020-11-21 00:23:10,457] multiqc.modules.cutadapt.cutadapt                  [DEBUG  ]  Duplicate sample name found! Overwriting: DDB-PD-004-AMBR-R8--S07-RNAseq_S15
[2020-11-21 00:23:10,458] multiqc.modules.cutadapt.cutadapt                  [DEBUG  ]  Duplicate sample name found! Overwriting: DDB-PD-004-AMBR-R3--S10-RNAseq_S18
[2020-11-21 00:23:10,459] multiqc.modules.cutadapt.cutadapt                  [INFO   ]  Found 14 reports
[2020-11-21 00:23:11,224] multiqc.modules.fastqc.fastqc                      [DEBUG  ]  Duplicate sample name found! Overwriting: DDB-PD-004-AMBR-R6--S07-RNAseq_S12
[2020-11-21 00:23:11,394] multiqc.modules.fastqc.fastqc                      [DEBUG  ]  Duplicate sample name found! Overwriting: DDB-PD-004-AMBR-R5--S10-RNAseq_S20
[2020-11-21 00:23:11,437] multiqc.modules.fastqc.fastqc                      [DEBUG  ]  Duplicate sample name found! Overwriting: DDB-PD-005-AMBR-R1--S02-RNAseq_S21
[2020-11-21 00:23:11,499] multiqc.modules.fastqc.fastqc                      [DEBUG  ]  Duplicate sample name found! Overwriting: DDB-PD-004-AMBR-R8--S07-RNAseq_S15
[2020-11-21 00:23:11,524] multiqc.modules.fastqc.fastqc                      [DEBUG  ]  Duplicate sample name found! Overwriting: DDB-PD-004-AMBR-R1--S10-RNAseq_S16
[2020-11-21 00:23:11,552] multiqc.modules.fastqc.fastqc                      [DEBUG  ]  Duplicate sample name found! Overwriting: DDB-PD-004-AMBR-R4--S07-RNAseq_S10
[2020-11-21 00:23:11,578] multiqc.modules.fastqc.fastqc                      [DEBUG  ]  Duplicate sample name found! Overwriting: DDB-PD-004-AMBR-R2--S10-RNAseq_S17
[2020-11-21 00:23:11,597] multiqc.modules.fastqc.fastqc                      [DEBUG  ]  Duplicate sample name found! Overwriting: DDB-PD-005-AMBR-R3--S02-RNAseq_S23
[2020-11-21 00:23:11,615] multiqc.modules.fastqc.fastqc                      [DEBUG  ]  Duplicate sample name found! Overwriting: DDB-PD-004-AMBR-R3--S10-RNAseq_S18
[2020-11-21 00:23:11,639] multiqc.modules.fastqc.fastqc                      [DEBUG  ]  Duplicate sample name found! Overwriting: DDB-PD-005-AMBR-R2--S02-RNAseq_S22
[2020-11-21 00:23:11,680] multiqc.modules.fastqc.fastqc                      [DEBUG  ]  Duplicate sample name found! Overwriting: DDB-PD-004-AMBR-R4--S10-RNAseq_S19
[2020-11-21 00:23:11,713] multiqc.modules.fastqc.fastqc                      [DEBUG  ]  Duplicate sample name found! Overwriting: DDB-PD-004-AMBR-R5--S07-RNAseq_S11
[2020-11-21 00:23:11,743] multiqc.modules.fastqc.fastqc                      [DEBUG  ]  Duplicate sample name found! Overwriting: DDB-PD-004-AMBR-R7--S07-RNAseq_S13
[2020-11-21 00:23:11,763] multiqc.modules.fastqc.fastqc                      [DEBUG  ]  Duplicate sample name found! Overwriting: DDB-I-SF-S1-001-A4-RNAseq_S14
[2020-11-21 00:23:11,776] multiqc.modules.fastqc.fastqc                      [INFO   ]  Found 14 reports
[2020-11-21 00:23:11,884] multiqc                                            [INFO   ]  Compressing plot data
[2020-11-21 00:23:12,094] multiqc                                            [INFO   ]  Report      : multiqc_report.html
[2020-11-21 00:23:12,094] multiqc                                            [INFO   ]  Data        : multiqc_data
[2020-11-21 00:23:12,094] multiqc                                            [DEBUG  ]  Moving data file from '/tmp/tmpklc7x2hq/multiqc_data' to '/media/katherine/bb1/modulome/20201119_DDB2_part2/modulome-nextflow/work/d2/c4f55a2aad7822f1698ddedd11a3f7/multiqc_data'
[2020-11-21 00:23:12,176] multiqc                                            [INFO   ]  MultiQC complete
