[2020-08-31 01:46:32,701] multiqc                                            [DEBUG  ]  No MultiQC config found: /usr/src/multiqc/multiqc_config.yaml
[2020-08-31 01:46:32,701] multiqc                                            [DEBUG  ]  No MultiQC config found: /root/.multiqc_config.yaml
[2020-08-31 01:46:32,704] multiqc                                            [DEBUG  ]  Loading config settings from: multiqc_config.yaml
[2020-08-31 01:46:32,704] multiqc                                            [DEBUG  ]  New config 'title': Modulome
[2020-08-31 01:46:32,705] multiqc                                            [DEBUG  ]  New config 'subtitle': Analysis of public microbial RNA-seq data
[2020-08-31 01:46:32,705] multiqc                                            [DEBUG  ]  New config 'report_header_info': [{'Contact E-mail': 'avsastry@ucsd.edu'}, {'Application Type': 'Microbial RNA-seq Analysis'}]
[2020-08-31 01:46:32,705] multiqc                                            [DEBUG  ]  New config 'custom_logo': None
[2020-08-31 01:46:32,705] multiqc                                            [DEBUG  ]  New config 'custom_logo_url': None
[2020-08-31 01:46:32,705] multiqc                                            [DEBUG  ]  New config 'custom_logo_title': None
[2020-08-31 01:46:32,705] multiqc                                            [DEBUG  ]  New config 'custom_content': {'order': []}
[2020-08-31 01:46:32,705] multiqc                                            [DEBUG  ]  Added to filename clean extensions: ['val_1', '_val_2', '_1.fastq', '_2.fastq', '.infer_experiment', '_bowtie.txt', '_all.txt.summary']
[2020-08-31 01:46:32,705] multiqc                                            [DEBUG  ]  New config 'rseqc_sections': ['infer_experiment']
[2020-08-31 01:46:32,705] multiqc                                            [DEBUG  ]  New config 'run_modules': ['featureCounts', 'bowtie1', 'rseqc', 'cutadapt', 'fastqc']
[2020-08-31 01:46:32,705] multiqc                                            [DEBUG  ]  New config 'top_modules': []
[2020-08-31 01:46:32,705] multiqc                                            [DEBUG  ]  New config 'module_order': ['featureCounts', 'bowtie1', 'rseqc', 'cutadapt', 'fastqc']
[2020-08-31 01:46:32,708] multiqc                                            [DEBUG  ]  Loading config settings from: multiqc_config.yaml
[2020-08-31 01:46:32,708] multiqc                                            [DEBUG  ]  New config 'title': Modulome
[2020-08-31 01:46:32,708] multiqc                                            [DEBUG  ]  New config 'subtitle': Analysis of public microbial RNA-seq data
[2020-08-31 01:46:32,708] multiqc                                            [DEBUG  ]  New config 'report_header_info': [{'Contact E-mail': 'avsastry@ucsd.edu'}, {'Application Type': 'Microbial RNA-seq Analysis'}]
[2020-08-31 01:46:32,708] multiqc                                            [DEBUG  ]  New config 'custom_logo': None
[2020-08-31 01:46:32,708] multiqc                                            [DEBUG  ]  New config 'custom_logo_url': None
[2020-08-31 01:46:32,708] multiqc                                            [DEBUG  ]  New config 'custom_logo_title': None
[2020-08-31 01:46:32,708] multiqc                                            [DEBUG  ]  New config 'custom_content': {'order': []}
[2020-08-31 01:46:32,708] multiqc                                            [DEBUG  ]  Added to filename clean extensions: ['val_1', '_val_2', '_1.fastq', '_2.fastq', '.infer_experiment', '_bowtie.txt', '_all.txt.summary']
[2020-08-31 01:46:32,708] multiqc                                            [DEBUG  ]  New config 'rseqc_sections': ['infer_experiment']
[2020-08-31 01:46:32,708] multiqc                                            [DEBUG  ]  New config 'run_modules': ['featureCounts', 'bowtie1', 'rseqc', 'cutadapt', 'fastqc']
[2020-08-31 01:46:32,708] multiqc                                            [DEBUG  ]  New config 'top_modules': []
[2020-08-31 01:46:32,708] multiqc                                            [DEBUG  ]  New config 'module_order': ['featureCounts', 'bowtie1', 'rseqc', 'cutadapt', 'fastqc']
[2020-08-31 01:46:32,708] multiqc                                            [DEBUG  ]  Command used: /usr/local/bin/multiqc -f -c multiqc_config.yaml .
[2020-08-31 01:46:33,840] multiqc                                            [DEBUG  ]  Latest MultiQC version is v1.9
[2020-08-31 01:46:33,840] multiqc                                            [INFO   ]  This is MultiQC v1.9.dev0
[2020-08-31 01:46:33,840] multiqc                                            [DEBUG  ]  Command     : /usr/local/bin/multiqc -f -c multiqc_config.yaml .
[2020-08-31 01:46:33,840] multiqc                                            [DEBUG  ]  Working dir : /media/katherine/bb1/modulome/20200825_newDDB1/modulome-nextflow/work/b0/cdc3fdc2f412a38e8b154ac8828e14
[2020-08-31 01:46:33,840] multiqc                                            [INFO   ]  Template    : default
[2020-08-31 01:46:33,840] multiqc                                            [DEBUG  ]  Running Python 3.8.2 (default, Mar 31 2020, 15:36:08)  [GCC 8.3.0]
[2020-08-31 01:46:33,840] multiqc                                            [INFO   ]  Report title: Modulome
[2020-08-31 01:46:33,841] multiqc                                            [INFO   ]  Searching   : /media/katherine/bb1/modulome/20200825_newDDB1/modulome-nextflow/work/b0/cdc3fdc2f412a38e8b154ac8828e14
[2020-08-31 01:46:33,841] multiqc                                            [INFO   ]  Only using modules featureCounts, bowtie1, rseqc, cutadapt, fastqc
[2020-08-31 01:46:33,841] multiqc                                            [DEBUG  ]  Analysing modules: featureCounts, bowtie1, rseqc, cutadapt, fastqc
[2020-08-31 01:46:33,841] multiqc                                            [DEBUG  ]  Using temporary directory for creating report: /tmp/tmpw4dgbjh0
[2020-08-31 01:46:33,847] multiqc                                            [DEBUG  ]  Ignored 214 search patterns as didn't match running modules.
[2020-08-31 01:46:35,584] multiqc                                            [DEBUG  ]  Ignoring file as matched an ignore pattern: DDB__HMP3397_slow_feed_86h__2_val_1_fastqc.html
[2020-08-31 01:46:35,584] multiqc                                            [DEBUG  ]  Ignoring file as matched an ignore pattern: DDB__MG1655_control_B__1_val_1_fastqc.html
[2020-08-31 01:46:35,584] multiqc                                            [DEBUG  ]  Ignoring file as matched an ignore pattern: DDB__HMP3427_fast_feed_28h__1_val_2_fastqc.html
[2020-08-31 01:46:35,584] multiqc                                            [DEBUG  ]  Ignoring file as matched an ignore pattern: DDB__HMP3427_slow_batch_12h__2_val_1_fastqc.html
[2020-08-31 01:46:35,585] multiqc                                            [DEBUG  ]  Ignoring file as matched an ignore pattern: DDB__HMP3397_slow_feed_7h__1_val_1_fastqc.html
[2020-08-31 01:46:35,585] multiqc                                            [DEBUG  ]  Ignoring file as matched an ignore pattern: DDB__HMP3427_fast_batch_12h__1_val_2_fastqc.html
[2020-08-31 01:46:35,585] multiqc                                            [DEBUG  ]  Ignoring file as matched an ignore pattern: DDB__HMP3427_fast_feed_18h__1_val_2_fastqc.html
[2020-08-31 01:46:35,585] multiqc                                            [DEBUG  ]  Ignoring file as matched an ignore pattern: DDB__HMP3397_fast_batch_12h__2_val_2_fastqc.html
[2020-08-31 01:46:35,586] multiqc                                            [DEBUG  ]  Ignoring file as matched an ignore pattern: DDB__HMP3427_slow_feed_86h__2_val_2_fastqc.html
[2020-08-31 01:46:35,586] multiqc                                            [DEBUG  ]  Ignoring file as matched an ignore pattern: DDB__HMP3427_fast_feed_3h__1_val_2_fastqc.html
[2020-08-31 01:46:35,586] multiqc                                            [DEBUG  ]  Ignoring file as matched an ignore pattern: DDB__HMP3427_slow_feed_53h__2_val_1_fastqc.html
[2020-08-31 01:46:35,586] multiqc                                            [DEBUG  ]  Ignoring file as matched an ignore pattern: DDB__MG1655_control_B__1_val_2_fastqc.html
[2020-08-31 01:46:35,586] multiqc                                            [DEBUG  ]  Ignoring file as matched an ignore pattern: DDB__HMP3427_fast_feed_3h__1_val_1_fastqc.html
[2020-08-31 01:46:35,586] multiqc                                            [DEBUG  ]  Ignoring file as matched an ignore pattern: DDB__HMP3397_fast_feed_18h__2_val_1_fastqc.html
[2020-08-31 01:46:35,586] multiqc                                            [DEBUG  ]  Ignoring file as matched an ignore pattern: DDB__HMP3427_fast_feed_18h__2_val_1_fastqc.html
[2020-08-31 01:46:35,586] multiqc                                            [DEBUG  ]  Ignoring file as matched an ignore pattern: DDB__MG1655_control_A__2_val_2_fastqc.html
[2020-08-31 01:46:35,587] multiqc                                            [DEBUG  ]  Ignoring file as matched an ignore pattern: DDB__HMP3397_fast_feed_18h__1_val_1_fastqc.html
[2020-08-31 01:46:35,587] multiqc                                            [DEBUG  ]  Ignoring file as matched an ignore pattern: DDB__HMP3427_fast_batch_12h__2_val_2_fastqc.html
[2020-08-31 01:46:35,587] multiqc                                            [DEBUG  ]  Ignoring file as matched an ignore pattern: DDB__MG1655_control_B__2_val_1_fastqc.html
[2020-08-31 01:46:35,587] multiqc                                            [DEBUG  ]  Ignoring file as matched an ignore pattern: DDB__HMP3427_fast_feed_28h__1_val_1_fastqc.html
[2020-08-31 01:46:35,587] multiqc                                            [DEBUG  ]  Ignoring file as matched an ignore pattern: DDB__HMP3427_slow_feed_86h__2_val_1_fastqc.html
[2020-08-31 01:46:35,587] multiqc                                            [DEBUG  ]  Ignoring file as matched an ignore pattern: DDB__HMP3427_slow_feed_53h__1_val_2_fastqc.html
[2020-08-31 01:46:35,587] multiqc                                            [DEBUG  ]  Ignoring file as matched an ignore pattern: DDB__HMP3397_fast_feed_28h__1_val_2_fastqc.html
[2020-08-31 01:46:35,588] multiqc                                            [DEBUG  ]  Ignoring file as matched an ignore pattern: DDB__HMP3397_fast_batch_12h__1_val_1_fastqc.html
[2020-08-31 01:46:35,588] multiqc                                            [DEBUG  ]  Ignoring file as matched an ignore pattern: DDB__HMP3427_fast_feed_18h__2_val_2_fastqc.html
[2020-08-31 01:46:35,589] multiqc                                            [DEBUG  ]  Ignoring file as matched an ignore pattern: DDB__HMP3427_slow_batch_12h__1_val_2_fastqc.html
[2020-08-31 01:46:35,589] multiqc                                            [DEBUG  ]  Ignoring file as matched an ignore pattern: DDB__HMP3427_slow_feed_53h__1_val_1_fastqc.html
[2020-08-31 01:46:35,589] multiqc                                            [DEBUG  ]  Ignoring file as matched an ignore pattern: DDB__HMP3427_fast_feed_3h__2_val_1_fastqc.html
[2020-08-31 01:46:35,589] multiqc                                            [DEBUG  ]  Ignoring file as matched an ignore pattern: DDB__HMP3397_fast_batch_12h__2_val_1_fastqc.html
[2020-08-31 01:46:35,589] multiqc                                            [DEBUG  ]  Ignoring file as matched an ignore pattern: DDB__HMP3397_slow_feed_7h__2_val_2_fastqc.html
[2020-08-31 01:46:35,589] multiqc                                            [DEBUG  ]  Ignoring file as matched an ignore pattern: DDB__HMP3397_fast_feed_28h__1_val_1_fastqc.html
[2020-08-31 01:46:35,589] multiqc                                            [DEBUG  ]  Ignoring file as matched an ignore pattern: DDB__HMP3427_fast_feed_28h__2_val_1_fastqc.html
[2020-08-31 01:46:35,589] multiqc                                            [DEBUG  ]  Ignoring file as matched an ignore pattern: DDB__MG1655_control_B__2_val_2_fastqc.html
[2020-08-31 01:46:35,590] multiqc                                            [DEBUG  ]  Ignoring file as matched an ignore pattern: DDB__HMP3397_fast_feed_3h__2_val_1_fastqc.html
[2020-08-31 01:46:35,590] multiqc                                            [DEBUG  ]  Ignoring file as matched an ignore pattern: DDB__HMP3397_fast_batch_12h__1_val_2_fastqc.html
[2020-08-31 01:46:35,590] multiqc                                            [DEBUG  ]  Ignoring file as matched an ignore pattern: DDB__HMP3397_slow_batch_12h__1_val_1_fastqc.html
[2020-08-31 01:46:35,590] multiqc                                            [DEBUG  ]  Ignoring file as matched an ignore pattern: DDB__HMP3397_slow_feed_53h__2_val_1_fastqc.html
[2020-08-31 01:46:35,590] multiqc                                            [DEBUG  ]  Ignoring file as matched an ignore pattern: DDB__MG1655_control_A__1_val_1_fastqc.html
[2020-08-31 01:46:35,590] multiqc                                            [DEBUG  ]  Ignoring file as matched an ignore pattern: DDB__HMP3397_fast_feed_18h__1_val_2_fastqc.html
[2020-08-31 01:46:35,590] multiqc                                            [DEBUG  ]  Ignoring file as matched an ignore pattern: DDB__HMP3397_slow_batch_12h__2_val_1_fastqc.html
[2020-08-31 01:46:35,591] multiqc                                            [DEBUG  ]  Ignoring file as matched an ignore pattern: DDB__HMP3427_fast_batch_12h__1_val_1_fastqc.html
[2020-08-31 01:46:35,591] multiqc                                            [DEBUG  ]  Ignoring file as matched an ignore pattern: DDB__HMP3427_slow_feed_7h__1_val_1_fastqc.html
[2020-08-31 01:46:35,591] multiqc                                            [DEBUG  ]  Ignoring file as matched an ignore pattern: DDB__HMP3427_slow_feed_86h__1_val_1_fastqc.html
[2020-08-31 01:46:35,591] multiqc                                            [DEBUG  ]  Ignoring file as matched an ignore pattern: DDB__HMP3397_fast_feed_18h__2_val_2_fastqc.html
[2020-08-31 01:46:35,591] multiqc                                            [DEBUG  ]  Ignoring file as matched an ignore pattern: DDB__HMP3397_fast_feed_3h__2_val_2_fastqc.html
[2020-08-31 01:46:35,591] multiqc                                            [DEBUG  ]  Ignoring file as matched an ignore pattern: DDB__HMP3427_fast_batch_12h__2_val_1_fastqc.html
[2020-08-31 01:46:35,591] multiqc                                            [DEBUG  ]  Ignoring file as matched an ignore pattern: DDB__HMP3427_slow_feed_86h__1_val_2_fastqc.html
[2020-08-31 01:46:35,591] multiqc                                            [DEBUG  ]  Ignoring file as matched an ignore pattern: DDB__HMP3427_slow_feed_53h__2_val_2_fastqc.html
[2020-08-31 01:46:35,592] multiqc                                            [DEBUG  ]  Ignoring file as matched an ignore pattern: DDB__HMP3427_slow_feed_7h__2_val_2_fastqc.html
[2020-08-31 01:46:35,592] multiqc                                            [DEBUG  ]  Ignoring file as matched an ignore pattern: DDB__HMP3397_slow_feed_53h__1_val_1_fastqc.html
[2020-08-31 01:46:35,592] multiqc                                            [DEBUG  ]  Ignoring file as matched an ignore pattern: DDB__HMP3427_fast_feed_28h__2_val_2_fastqc.html
[2020-08-31 01:46:35,592] multiqc                                            [DEBUG  ]  Ignoring file as matched an ignore pattern: DDB__MG1655_control_A__1_val_2_fastqc.html
[2020-08-31 01:46:35,592] multiqc                                            [DEBUG  ]  Ignoring file as matched an ignore pattern: DDB__HMP3427_slow_feed_7h__1_val_2_fastqc.html
[2020-08-31 01:46:35,592] multiqc                                            [DEBUG  ]  Ignoring file as matched an ignore pattern: DDB__HMP3397_slow_feed_7h__1_val_2_fastqc.html
[2020-08-31 01:46:35,593] multiqc                                            [DEBUG  ]  Ignoring file as matched an ignore pattern: DDB__HMP3427_slow_batch_12h__1_val_1_fastqc.html
[2020-08-31 01:46:35,593] multiqc                                            [DEBUG  ]  Ignoring file as matched an ignore pattern: DDB__HMP3397_slow_feed_86h__1_val_1_fastqc.html
[2020-08-31 01:46:35,593] multiqc                                            [DEBUG  ]  Ignoring file as matched an ignore pattern: DDB__HMP3427_slow_feed_7h__2_val_1_fastqc.html
[2020-08-31 01:46:35,593] multiqc                                            [DEBUG  ]  Ignoring file as matched an ignore pattern: DDB__HMP3427_fast_feed_3h__2_val_2_fastqc.html
[2020-08-31 01:46:35,594] multiqc                                            [DEBUG  ]  Ignoring file as matched an ignore pattern: DDB__HMP3397_slow_feed_86h__2_val_2_fastqc.html
[2020-08-31 01:46:35,594] multiqc                                            [DEBUG  ]  Ignoring file as matched an ignore pattern: DDB__HMP3397_slow_feed_53h__2_val_2_fastqc.html
[2020-08-31 01:46:35,594] multiqc                                            [DEBUG  ]  Ignoring file as matched an ignore pattern: DDB__MG1655_control_A__2_val_1_fastqc.html
[2020-08-31 01:46:35,594] multiqc                                            [DEBUG  ]  Ignoring file as matched an ignore pattern: DDB__HMP3397_slow_feed_7h__2_val_1_fastqc.html
[2020-08-31 01:46:35,594] multiqc                                            [DEBUG  ]  Ignoring file as matched an ignore pattern: DDB__HMP3397_fast_feed_28h__2_val_1_fastqc.html
[2020-08-31 01:46:35,594] multiqc                                            [DEBUG  ]  Ignoring file as matched an ignore pattern: DDB__HMP3397_slow_feed_86h__1_val_2_fastqc.html
[2020-08-31 01:46:35,594] multiqc                                            [DEBUG  ]  Ignoring file as matched an ignore pattern: DDB__HMP3397_slow_feed_53h__1_val_2_fastqc.html
[2020-08-31 01:46:35,594] multiqc                                            [DEBUG  ]  Ignoring file as matched an ignore pattern: DDB__HMP3397_slow_batch_12h__2_val_2_fastqc.html
[2020-08-31 01:46:35,595] multiqc                                            [DEBUG  ]  Ignoring file as matched an ignore pattern: DDB__HMP3427_fast_feed_18h__1_val_1_fastqc.html
[2020-08-31 01:46:35,595] multiqc                                            [DEBUG  ]  Ignoring file as matched an ignore pattern: DDB__HMP3397_fast_feed_28h__2_val_2_fastqc.html
[2020-08-31 01:46:35,595] multiqc                                            [DEBUG  ]  Ignoring file as matched an ignore pattern: DDB__HMP3397_fast_feed_3h__1_val_1_fastqc.html
[2020-08-31 01:46:35,595] multiqc                                            [DEBUG  ]  Ignoring file as matched an ignore pattern: DDB__HMP3397_fast_feed_3h__1_val_2_fastqc.html
[2020-08-31 01:46:35,595] multiqc                                            [DEBUG  ]  Ignoring file as matched an ignore pattern: DDB__HMP3397_slow_batch_12h__1_val_2_fastqc.html
[2020-08-31 01:46:35,595] multiqc                                            [DEBUG  ]  Ignoring file as matched an ignore pattern: DDB__HMP3427_slow_batch_12h__2_val_2_fastqc.html
[2020-08-31 01:46:37,565] multiqc.plots.bargraph                             [DEBUG  ]  Using matplotlib version 3.2.1
[2020-08-31 01:46:37,609] multiqc.modules.featureCounts.feature_counts       [INFO   ]  Found 36 reports
[2020-08-31 01:46:37,619] multiqc.modules.bowtie1.bowtie1                    [INFO   ]  Found 36 reports
[2020-08-31 01:46:37,629] multiqc.modules.rseqc.rseqc                        [INFO   ]  Found 36 infer_experiment reports
[2020-08-31 01:46:37,635] multiqc.plots.linegraph                            [DEBUG  ]  Using matplotlib version 3.2.1
[2020-08-31 01:46:37,648] multiqc.modules.cutadapt.cutadapt                  [DEBUG  ]  Duplicate sample name found! Overwriting: DDB__HMP3427_slow_feed_53h__1
[2020-08-31 01:46:37,653] multiqc.modules.cutadapt.cutadapt                  [DEBUG  ]  Duplicate sample name found! Overwriting: DDB__MG1655_control_B__1
[2020-08-31 01:46:37,655] multiqc.modules.cutadapt.cutadapt                  [DEBUG  ]  Duplicate sample name found! Overwriting: DDB__HMP3427_fast_feed_18h__1
[2020-08-31 01:46:37,658] multiqc.modules.cutadapt.cutadapt                  [DEBUG  ]  Duplicate sample name found! Overwriting: DDB__HMP3427_slow_feed_53h__2
[2020-08-31 01:46:37,659] multiqc.modules.cutadapt.cutadapt                  [DEBUG  ]  Duplicate sample name found! Overwriting: DDB__HMP3427_slow_feed_7h__2
[2020-08-31 01:46:37,665] multiqc.modules.cutadapt.cutadapt                  [DEBUG  ]  Duplicate sample name found! Overwriting: DDB__HMP3427_slow_batch_12h__2
[2020-08-31 01:46:37,668] multiqc.modules.cutadapt.cutadapt                  [DEBUG  ]  Duplicate sample name found! Overwriting: DDB__HMP3397_fast_feed_3h__2
[2020-08-31 01:46:37,669] multiqc.modules.cutadapt.cutadapt                  [DEBUG  ]  Duplicate sample name found! Overwriting: DDB__HMP3397_slow_feed_7h__1
[2020-08-31 01:46:37,671] multiqc.modules.cutadapt.cutadapt                  [DEBUG  ]  Duplicate sample name found! Overwriting: DDB__HMP3397_fast_batch_12h__2
[2020-08-31 01:46:37,675] multiqc.modules.cutadapt.cutadapt                  [DEBUG  ]  Duplicate sample name found! Overwriting: DDB__HMP3427_fast_feed_28h__2
[2020-08-31 01:46:37,677] multiqc.modules.cutadapt.cutadapt                  [DEBUG  ]  Duplicate sample name found! Overwriting: DDB__HMP3397_slow_batch_12h__1
[2020-08-31 01:46:37,678] multiqc.modules.cutadapt.cutadapt                  [DEBUG  ]  Duplicate sample name found! Overwriting: DDB__HMP3397_slow_batch_12h__2
[2020-08-31 01:46:37,679] multiqc.modules.cutadapt.cutadapt                  [DEBUG  ]  Duplicate sample name found! Overwriting: DDB__HMP3397_fast_feed_3h__1
[2020-08-31 01:46:37,680] multiqc.modules.cutadapt.cutadapt                  [DEBUG  ]  Duplicate sample name found! Overwriting: DDB__HMP3397_slow_feed_7h__2
[2020-08-31 01:46:37,681] multiqc.modules.cutadapt.cutadapt                  [DEBUG  ]  Duplicate sample name found! Overwriting: DDB__HMP3427_slow_feed_86h__1
[2020-08-31 01:46:37,682] multiqc.modules.cutadapt.cutadapt                  [DEBUG  ]  Duplicate sample name found! Overwriting: DDB__HMP3397_slow_feed_86h__1
[2020-08-31 01:46:37,683] multiqc.modules.cutadapt.cutadapt                  [DEBUG  ]  Duplicate sample name found! Overwriting: DDB__HMP3397_fast_feed_28h__2
[2020-08-31 01:46:37,685] multiqc.modules.cutadapt.cutadapt                  [DEBUG  ]  Duplicate sample name found! Overwriting: DDB__HMP3397_fast_feed_28h__1
[2020-08-31 01:46:37,686] multiqc.modules.cutadapt.cutadapt                  [DEBUG  ]  Duplicate sample name found! Overwriting: DDB__MG1655_control_A__2
[2020-08-31 01:46:37,688] multiqc.modules.cutadapt.cutadapt                  [DEBUG  ]  Duplicate sample name found! Overwriting: DDB__HMP3427_slow_feed_7h__1
[2020-08-31 01:46:37,689] multiqc.modules.cutadapt.cutadapt                  [DEBUG  ]  Duplicate sample name found! Overwriting: DDB__HMP3427_fast_feed_3h__1
[2020-08-31 01:46:37,690] multiqc.modules.cutadapt.cutadapt                  [DEBUG  ]  Duplicate sample name found! Overwriting: DDB__HMP3397_fast_feed_18h__1
[2020-08-31 01:46:37,691] multiqc.modules.cutadapt.cutadapt                  [DEBUG  ]  Duplicate sample name found! Overwriting: DDB__HMP3427_slow_batch_12h__1
[2020-08-31 01:46:37,692] multiqc.modules.cutadapt.cutadapt                  [DEBUG  ]  Duplicate sample name found! Overwriting: DDB__HMP3397_slow_feed_53h__1
[2020-08-31 01:46:37,693] multiqc.modules.cutadapt.cutadapt                  [DEBUG  ]  Duplicate sample name found! Overwriting: DDB__HMP3427_fast_feed_18h__2
[2020-08-31 01:46:37,694] multiqc.modules.cutadapt.cutadapt                  [DEBUG  ]  Duplicate sample name found! Overwriting: DDB__HMP3427_fast_feed_3h__2
[2020-08-31 01:46:37,695] multiqc.modules.cutadapt.cutadapt                  [DEBUG  ]  Duplicate sample name found! Overwriting: DDB__HMP3397_slow_feed_53h__2
[2020-08-31 01:46:37,695] multiqc.modules.cutadapt.cutadapt                  [DEBUG  ]  Duplicate sample name found! Overwriting: DDB__HMP3427_fast_batch_12h__1
[2020-08-31 01:46:37,696] multiqc.modules.cutadapt.cutadapt                  [DEBUG  ]  Duplicate sample name found! Overwriting: DDB__HMP3427_slow_feed_86h__2
[2020-08-31 01:46:37,697] multiqc.modules.cutadapt.cutadapt                  [DEBUG  ]  Duplicate sample name found! Overwriting: DDB__HMP3427_fast_batch_12h__2
[2020-08-31 01:46:37,698] multiqc.modules.cutadapt.cutadapt                  [DEBUG  ]  Duplicate sample name found! Overwriting: DDB__HMP3397_fast_feed_18h__2
[2020-08-31 01:46:37,699] multiqc.modules.cutadapt.cutadapt                  [DEBUG  ]  Duplicate sample name found! Overwriting: DDB__MG1655_control_A__1
[2020-08-31 01:46:37,700] multiqc.modules.cutadapt.cutadapt                  [DEBUG  ]  Duplicate sample name found! Overwriting: DDB__HMP3397_fast_batch_12h__1
[2020-08-31 01:46:37,701] multiqc.modules.cutadapt.cutadapt                  [DEBUG  ]  Duplicate sample name found! Overwriting: DDB__HMP3397_slow_feed_86h__2
[2020-08-31 01:46:37,702] multiqc.modules.cutadapt.cutadapt                  [DEBUG  ]  Duplicate sample name found! Overwriting: DDB__MG1655_control_B__2
[2020-08-31 01:46:37,703] multiqc.modules.cutadapt.cutadapt                  [DEBUG  ]  Duplicate sample name found! Overwriting: DDB__HMP3427_fast_feed_28h__1
[2020-08-31 01:46:37,704] multiqc.modules.cutadapt.cutadapt                  [INFO   ]  Found 36 reports
[2020-08-31 01:46:38,474] multiqc.modules.fastqc.fastqc                      [DEBUG  ]  Duplicate sample name found! Overwriting: DDB__HMP3427_fast_batch_12h__2
[2020-08-31 01:46:39,190] multiqc.modules.fastqc.fastqc                      [DEBUG  ]  Duplicate sample name found! Overwriting: DDB__HMP3427_slow_feed_53h__2
[2020-08-31 01:46:39,440] multiqc.modules.fastqc.fastqc                      [DEBUG  ]  Duplicate sample name found! Overwriting: DDB__HMP3397_fast_feed_3h__2
[2020-08-31 01:46:39,609] multiqc.modules.fastqc.fastqc                      [DEBUG  ]  Duplicate sample name found! Overwriting: DDB__MG1655_control_A__2
[2020-08-31 01:46:40,006] multiqc.modules.fastqc.fastqc                      [DEBUG  ]  Duplicate sample name found! Overwriting: DDB__HMP3397_slow_feed_86h__2
[2020-08-31 01:46:40,057] multiqc.modules.fastqc.fastqc                      [DEBUG  ]  Duplicate sample name found! Overwriting: DDB__HMP3427_fast_feed_3h__2
[2020-08-31 01:46:40,134] multiqc.modules.fastqc.fastqc                      [DEBUG  ]  Duplicate sample name found! Overwriting: DDB__HMP3397_fast_feed_28h__1
[2020-08-31 01:46:40,473] multiqc.modules.fastqc.fastqc                      [DEBUG  ]  Duplicate sample name found! Overwriting: DDB__HMP3397_slow_batch_12h__1
[2020-08-31 01:46:40,601] multiqc.modules.fastqc.fastqc                      [DEBUG  ]  Duplicate sample name found! Overwriting: DDB__HMP3427_fast_feed_18h__2
[2020-08-31 01:46:40,780] multiqc.modules.fastqc.fastqc                      [DEBUG  ]  Duplicate sample name found! Overwriting: DDB__MG1655_control_B__2
[2020-08-31 01:46:41,342] multiqc.modules.fastqc.fastqc                      [DEBUG  ]  Duplicate sample name found! Overwriting: DDB__MG1655_control_A__1
[2020-08-31 01:46:41,428] multiqc.modules.fastqc.fastqc                      [DEBUG  ]  Duplicate sample name found! Overwriting: DDB__HMP3427_slow_feed_53h__1
[2020-08-31 01:46:41,527] multiqc.modules.fastqc.fastqc                      [DEBUG  ]  Duplicate sample name found! Overwriting: DDB__HMP3427_fast_batch_12h__1
[2020-08-31 01:46:41,615] multiqc.modules.fastqc.fastqc                      [DEBUG  ]  Duplicate sample name found! Overwriting: DDB__HMP3397_slow_feed_53h__2
[2020-08-31 01:46:41,691] multiqc.modules.fastqc.fastqc                      [DEBUG  ]  Duplicate sample name found! Overwriting: DDB__HMP3397_fast_feed_28h__2
[2020-08-31 01:46:41,762] multiqc.modules.fastqc.fastqc                      [DEBUG  ]  Duplicate sample name found! Overwriting: DDB__HMP3397_slow_batch_12h__2
[2020-08-31 01:46:41,920] multiqc.modules.fastqc.fastqc                      [DEBUG  ]  Duplicate sample name found! Overwriting: DDB__HMP3397_fast_feed_18h__2
[2020-08-31 01:46:41,992] multiqc.modules.fastqc.fastqc                      [DEBUG  ]  Duplicate sample name found! Overwriting: DDB__HMP3397_slow_feed_7h__2
[2020-08-31 01:46:42,089] multiqc.modules.fastqc.fastqc                      [DEBUG  ]  Duplicate sample name found! Overwriting: DDB__HMP3397_slow_feed_7h__1
[2020-08-31 01:46:42,251] multiqc.modules.fastqc.fastqc                      [DEBUG  ]  Duplicate sample name found! Overwriting: DDB__HMP3427_slow_feed_7h__2
[2020-08-31 01:46:42,337] multiqc.modules.fastqc.fastqc                      [DEBUG  ]  Duplicate sample name found! Overwriting: DDB__HMP3397_slow_feed_86h__1
[2020-08-31 01:46:42,416] multiqc.modules.fastqc.fastqc                      [DEBUG  ]  Duplicate sample name found! Overwriting: DDB__HMP3397_fast_batch_12h__1
[2020-08-31 01:46:42,491] multiqc.modules.fastqc.fastqc                      [DEBUG  ]  Duplicate sample name found! Overwriting: DDB__HMP3427_slow_feed_7h__1
[2020-08-31 01:46:42,696] multiqc.modules.fastqc.fastqc                      [DEBUG  ]  Duplicate sample name found! Overwriting: DDB__HMP3427_fast_feed_28h__2
[2020-08-31 01:46:42,839] multiqc.modules.fastqc.fastqc                      [DEBUG  ]  Duplicate sample name found! Overwriting: DDB__HMP3427_slow_batch_12h__2
[2020-08-31 01:46:42,921] multiqc.modules.fastqc.fastqc                      [DEBUG  ]  Duplicate sample name found! Overwriting: DDB__HMP3427_slow_batch_12h__1
[2020-08-31 01:46:43,002] multiqc.modules.fastqc.fastqc                      [DEBUG  ]  Duplicate sample name found! Overwriting: DDB__HMP3427_slow_feed_86h__2
[2020-08-31 01:46:43,153] multiqc.modules.fastqc.fastqc                      [DEBUG  ]  Duplicate sample name found! Overwriting: DDB__HMP3427_fast_feed_18h__1
[2020-08-31 01:46:43,377] multiqc.modules.fastqc.fastqc                      [DEBUG  ]  Duplicate sample name found! Overwriting: DDB__HMP3427_fast_feed_3h__1
[2020-08-31 01:46:43,474] multiqc.modules.fastqc.fastqc                      [DEBUG  ]  Duplicate sample name found! Overwriting: DDB__HMP3397_fast_feed_3h__1
[2020-08-31 01:46:43,575] multiqc.modules.fastqc.fastqc                      [DEBUG  ]  Duplicate sample name found! Overwriting: DDB__HMP3397_fast_batch_12h__2
[2020-08-31 01:46:43,665] multiqc.modules.fastqc.fastqc                      [DEBUG  ]  Duplicate sample name found! Overwriting: DDB__HMP3427_slow_feed_86h__1
[2020-08-31 01:46:43,709] multiqc.modules.fastqc.fastqc                      [DEBUG  ]  Duplicate sample name found! Overwriting: DDB__MG1655_control_B__1
[2020-08-31 01:46:43,771] multiqc.modules.fastqc.fastqc                      [DEBUG  ]  Duplicate sample name found! Overwriting: DDB__HMP3397_fast_feed_18h__1
[2020-08-31 01:46:43,855] multiqc.modules.fastqc.fastqc                      [DEBUG  ]  Duplicate sample name found! Overwriting: DDB__HMP3397_slow_feed_53h__1
[2020-08-31 01:46:43,936] multiqc.modules.fastqc.fastqc                      [DEBUG  ]  Duplicate sample name found! Overwriting: DDB__HMP3427_fast_feed_28h__1
[2020-08-31 01:46:43,979] multiqc.modules.fastqc.fastqc                      [INFO   ]  Found 36 reports
[2020-08-31 01:46:44,256] multiqc                                            [INFO   ]  Compressing plot data
[2020-08-31 01:46:44,806] multiqc                                            [INFO   ]  Report      : multiqc_report.html
[2020-08-31 01:46:44,806] multiqc                                            [INFO   ]  Data        : multiqc_data
[2020-08-31 01:46:44,806] multiqc                                            [DEBUG  ]  Moving data file from '/tmp/tmpw4dgbjh0/multiqc_data' to '/media/katherine/bb1/modulome/20200825_newDDB1/modulome-nextflow/work/b0/cdc3fdc2f412a38e8b154ac8828e14/multiqc_data'
[2020-08-31 01:46:44,890] multiqc                                            [INFO   ]  MultiQC complete
