[2020-12-28 01:39:19,239] multiqc                                            [DEBUG  ]  No MultiQC config found: /usr/src/multiqc/multiqc_config.yaml
[2020-12-28 01:39:19,239] multiqc                                            [DEBUG  ]  No MultiQC config found: /root/.multiqc_config.yaml
[2020-12-28 01:39:19,327] multiqc                                            [DEBUG  ]  Loading config settings from: multiqc_config.yaml
[2020-12-28 01:39:19,327] multiqc                                            [DEBUG  ]  New config 'title': Dec 23 2020 DDB RNA-seq QC (batch 5)
[2020-12-28 01:39:19,327] multiqc                                            [DEBUG  ]  New config 'subtitle': Analysis of DDB RNA-seq data
[2020-12-28 01:39:19,327] multiqc                                            [DEBUG  ]  New config 'report_header_info': [{'Contact E-mail': 'kdecker@ucsd.edu'}, {'Application Type': 'Microbial RNA-seq Analysis'}]
[2020-12-28 01:39:19,327] multiqc                                            [DEBUG  ]  New config 'custom_logo': None
[2020-12-28 01:39:19,327] multiqc                                            [DEBUG  ]  New config 'custom_logo_url': None
[2020-12-28 01:39:19,327] multiqc                                            [DEBUG  ]  New config 'custom_logo_title': None
[2020-12-28 01:39:19,327] multiqc                                            [DEBUG  ]  New config 'custom_content': {'order': []}
[2020-12-28 01:39:19,327] multiqc                                            [DEBUG  ]  Added to filename clean extensions: ['val_1', '_val_2', '_1.fastq', '_2.fastq', '.infer_experiment', '_bowtie.txt', '_all.txt.summary']
[2020-12-28 01:39:19,327] multiqc                                            [DEBUG  ]  New config 'rseqc_sections': ['infer_experiment']
[2020-12-28 01:39:19,327] multiqc                                            [DEBUG  ]  New config 'run_modules': ['featureCounts', 'bowtie1', 'rseqc', 'cutadapt', 'fastqc']
[2020-12-28 01:39:19,327] multiqc                                            [DEBUG  ]  New config 'top_modules': []
[2020-12-28 01:39:19,327] multiqc                                            [DEBUG  ]  New config 'module_order': ['featureCounts', 'bowtie1', 'rseqc', 'cutadapt', 'fastqc']
[2020-12-28 01:39:19,330] multiqc                                            [DEBUG  ]  Loading config settings from: multiqc_config.yaml
[2020-12-28 01:39:19,330] multiqc                                            [DEBUG  ]  New config 'title': Dec 23 2020 DDB RNA-seq QC (batch 5)
[2020-12-28 01:39:19,330] multiqc                                            [DEBUG  ]  New config 'subtitle': Analysis of DDB RNA-seq data
[2020-12-28 01:39:19,330] multiqc                                            [DEBUG  ]  New config 'report_header_info': [{'Contact E-mail': 'kdecker@ucsd.edu'}, {'Application Type': 'Microbial RNA-seq Analysis'}]
[2020-12-28 01:39:19,330] multiqc                                            [DEBUG  ]  New config 'custom_logo': None
[2020-12-28 01:39:19,330] multiqc                                            [DEBUG  ]  New config 'custom_logo_url': None
[2020-12-28 01:39:19,330] multiqc                                            [DEBUG  ]  New config 'custom_logo_title': None
[2020-12-28 01:39:19,330] multiqc                                            [DEBUG  ]  New config 'custom_content': {'order': []}
[2020-12-28 01:39:19,330] multiqc                                            [DEBUG  ]  Added to filename clean extensions: ['val_1', '_val_2', '_1.fastq', '_2.fastq', '.infer_experiment', '_bowtie.txt', '_all.txt.summary']
[2020-12-28 01:39:19,330] multiqc                                            [DEBUG  ]  New config 'rseqc_sections': ['infer_experiment']
[2020-12-28 01:39:19,330] multiqc                                            [DEBUG  ]  New config 'run_modules': ['featureCounts', 'bowtie1', 'rseqc', 'cutadapt', 'fastqc']
[2020-12-28 01:39:19,330] multiqc                                            [DEBUG  ]  New config 'top_modules': []
[2020-12-28 01:39:19,330] multiqc                                            [DEBUG  ]  New config 'module_order': ['featureCounts', 'bowtie1', 'rseqc', 'cutadapt', 'fastqc']
[2020-12-28 01:39:19,330] multiqc                                            [DEBUG  ]  Command used: /usr/local/bin/multiqc -f -c multiqc_config.yaml .
[2020-12-28 01:39:20,874] multiqc                                            [DEBUG  ]  Latest MultiQC version is v1.9
[2020-12-28 01:39:20,874] multiqc                                            [INFO   ]  This is MultiQC v1.9.dev0
[2020-12-28 01:39:20,874] multiqc                                            [DEBUG  ]  Command     : /usr/local/bin/multiqc -f -c multiqc_config.yaml .
[2020-12-28 01:39:20,874] multiqc                                            [DEBUG  ]  Working dir : /media/katherine/bb1/modulome/20201223_DDB3_batch5/modulome-nextflow/work/0b/c7ce69ae2017f605ae55521a94bcc3
[2020-12-28 01:39:20,874] multiqc                                            [INFO   ]  Template    : default
[2020-12-28 01:39:20,874] multiqc                                            [DEBUG  ]  Running Python 3.8.2 (default, Mar 31 2020, 15:36:08)  [GCC 8.3.0]
[2020-12-28 01:39:20,874] multiqc                                            [INFO   ]  Report title: Dec 23 2020 DDB RNA-seq QC (batch 5)
[2020-12-28 01:39:20,875] multiqc                                            [INFO   ]  Searching   : /media/katherine/bb1/modulome/20201223_DDB3_batch5/modulome-nextflow/work/0b/c7ce69ae2017f605ae55521a94bcc3
[2020-12-28 01:39:20,875] multiqc                                            [INFO   ]  Only using modules featureCounts, bowtie1, rseqc, cutadapt, fastqc
[2020-12-28 01:39:20,875] multiqc                                            [DEBUG  ]  Analysing modules: featureCounts, bowtie1, rseqc, cutadapt, fastqc
[2020-12-28 01:39:20,875] multiqc                                            [DEBUG  ]  Using temporary directory for creating report: /tmp/tmpekvtvtb2
[2020-12-28 01:39:20,881] multiqc                                            [DEBUG  ]  Ignored 214 search patterns as didn't match running modules.
[2020-12-28 01:39:23,635] multiqc                                            [DEBUG  ]  Ignoring file as matched an ignore pattern: DDB-PD-005-AMBR-3--S07-RNAseq_S11_val_2_fastqc.html
[2020-12-28 01:39:23,635] multiqc                                            [DEBUG  ]  Ignoring file as matched an ignore pattern: DDB-PD-009-AMBR-R5--S10-RNAseq2_S6_val_2_fastqc.html
[2020-12-28 01:39:23,635] multiqc                                            [DEBUG  ]  Ignoring file as matched an ignore pattern: DDB-PD-005-AMBR-6--S07-RNAseq_S7_val_2_fastqc.html
[2020-12-28 01:39:23,635] multiqc                                            [DEBUG  ]  Ignoring file as matched an ignore pattern: DDB-PD-009-AMBR-R9--S10-RNAseq_S2_val_2_fastqc.html
[2020-12-28 01:39:23,635] multiqc                                            [DEBUG  ]  Ignoring file as matched an ignore pattern: DDB-PD-004-AMBR-R3--S10-RNAseq2_S5_val_1_fastqc.html
[2020-12-28 01:39:23,636] multiqc                                            [DEBUG  ]  Ignoring file as matched an ignore pattern: DDB-PD-005-AMBR-8--S02-RNAseq_S9_val_1_fastqc.html
[2020-12-28 01:39:23,636] multiqc                                            [DEBUG  ]  Ignoring file as matched an ignore pattern: DDB-PD-003-AMBR-R15--S07-RNAseq_S3_val_2_fastqc.html
[2020-12-28 01:39:23,636] multiqc                                            [DEBUG  ]  Ignoring file as matched an ignore pattern: DDB-PD-003-AMBR-R15--S07-RNAseq_S3_val_1_fastqc.html
[2020-12-28 01:39:23,636] multiqc                                            [DEBUG  ]  Ignoring file as matched an ignore pattern: DDB-PD-004-AMBR-R7--S07-RNAseq2_S4_val_2_fastqc.html
[2020-12-28 01:39:23,636] multiqc                                            [DEBUG  ]  Ignoring file as matched an ignore pattern: DDB-PD-005-AMBR-5--S02-RNAseq_S12_val_1_fastqc.html
[2020-12-28 01:39:23,636] multiqc                                            [DEBUG  ]  Ignoring file as matched an ignore pattern: DDB-PD-005-AMBR-6--S07-RNAseq_S7_val_1_fastqc.html
[2020-12-28 01:39:23,636] multiqc                                            [DEBUG  ]  Ignoring file as matched an ignore pattern: DDB-PD-005-AMBR-7--S02-RNAseq_S13_val_2_fastqc.html
[2020-12-28 01:39:23,637] multiqc                                            [DEBUG  ]  Ignoring file as matched an ignore pattern: DDB-PD-005-AMBR-3--S07-RNAseq_S11_val_1_fastqc.html
[2020-12-28 01:39:23,637] multiqc                                            [DEBUG  ]  Ignoring file as matched an ignore pattern: DDB-PD-005-AMBR-5--S02-RNAseq_S12_val_2_fastqc.html
[2020-12-28 01:39:23,637] multiqc                                            [DEBUG  ]  Ignoring file as matched an ignore pattern: DDB-PD-005-AMBR-7--S07-RNAseq_S8_val_2_fastqc.html
[2020-12-28 01:39:23,637] multiqc                                            [DEBUG  ]  Ignoring file as matched an ignore pattern: DDB-PD-005-AMBR-2--S07-RNAseq_S10_val_2_fastqc.html
[2020-12-28 01:39:23,638] multiqc                                            [DEBUG  ]  Ignoring file as matched an ignore pattern: DDB-PD-005-AMBR-7--S07-RNAseq_S8_val_1_fastqc.html
[2020-12-28 01:39:23,638] multiqc                                            [DEBUG  ]  Ignoring file as matched an ignore pattern: DDB-PD-004-AMBR-R7--S07-RNAseq2_S4_val_1_fastqc.html
[2020-12-28 01:39:23,638] multiqc                                            [DEBUG  ]  Ignoring file as matched an ignore pattern: DDB-PD-005-AMBR-7--S02-RNAseq_S13_val_1_fastqc.html
[2020-12-28 01:39:23,638] multiqc                                            [DEBUG  ]  Ignoring file as matched an ignore pattern: DDB-I-SF-S1-001-A4-RNAseq2_S1_val_1_fastqc.html
[2020-12-28 01:39:23,638] multiqc                                            [DEBUG  ]  Ignoring file as matched an ignore pattern: DDB-PD-004-AMBR-R3--S10-RNAseq2_S5_val_2_fastqc.html
[2020-12-28 01:39:23,639] multiqc                                            [DEBUG  ]  Ignoring file as matched an ignore pattern: DDB-PD-009-AMBR-R9--S10-RNAseq_S2_val_1_fastqc.html
[2020-12-28 01:39:23,639] multiqc                                            [DEBUG  ]  Ignoring file as matched an ignore pattern: DDB-PD-009-AMBR-R5--S10-RNAseq2_S6_val_1_fastqc.html
[2020-12-28 01:39:23,639] multiqc                                            [DEBUG  ]  Ignoring file as matched an ignore pattern: DDB-I-SF-S1-001-A4-RNAseq2_S1_val_2_fastqc.html
[2020-12-28 01:39:23,639] multiqc                                            [DEBUG  ]  Ignoring file as matched an ignore pattern: DDB-PD-005-AMBR-8--S02-RNAseq_S9_val_2_fastqc.html
[2020-12-28 01:39:23,639] multiqc                                            [DEBUG  ]  Ignoring file as matched an ignore pattern: DDB-PD-005-AMBR-2--S07-RNAseq_S10_val_1_fastqc.html
[2020-12-28 01:39:25,612] multiqc.plots.bargraph                             [DEBUG  ]  Using matplotlib version 3.2.1
[2020-12-28 01:39:25,652] multiqc.modules.featureCounts.feature_counts       [INFO   ]  Found 13 reports
[2020-12-28 01:39:25,659] multiqc.modules.bowtie1.bowtie1                    [INFO   ]  Found 13 reports
[2020-12-28 01:39:25,667] multiqc.modules.rseqc.rseqc                        [INFO   ]  Found 13 infer_experiment reports
[2020-12-28 01:39:25,674] multiqc.plots.linegraph                            [DEBUG  ]  Using matplotlib version 3.2.1
[2020-12-28 01:39:25,678] multiqc.modules.cutadapt.cutadapt                  [DEBUG  ]  Duplicate sample name found! Overwriting: DDB-PD-004-AMBR-R7--S07-RNAseq2_S4
[2020-12-28 01:39:25,679] multiqc.modules.cutadapt.cutadapt                  [DEBUG  ]  Duplicate sample name found! Overwriting: DDB-PD-005-AMBR-7--S02-RNAseq_S13
[2020-12-28 01:39:25,685] multiqc.modules.cutadapt.cutadapt                  [DEBUG  ]  Duplicate sample name found! Overwriting: DDB-PD-005-AMBR-2--S07-RNAseq_S10
[2020-12-28 01:39:25,686] multiqc.modules.cutadapt.cutadapt                  [DEBUG  ]  Duplicate sample name found! Overwriting: DDB-PD-009-AMBR-R5--S10-RNAseq2_S6
[2020-12-28 01:39:25,688] multiqc.modules.cutadapt.cutadapt                  [DEBUG  ]  Duplicate sample name found! Overwriting: DDB-PD-009-AMBR-R9--S10-RNAseq_S2
[2020-12-28 01:39:25,691] multiqc.modules.cutadapt.cutadapt                  [DEBUG  ]  Duplicate sample name found! Overwriting: DDB-PD-005-AMBR-3--S07-RNAseq_S11
[2020-12-28 01:39:25,692] multiqc.modules.cutadapt.cutadapt                  [DEBUG  ]  Duplicate sample name found! Overwriting: DDB-PD-003-AMBR-R15--S07-RNAseq_S3
[2020-12-28 01:39:25,693] multiqc.modules.cutadapt.cutadapt                  [DEBUG  ]  Duplicate sample name found! Overwriting: DDB-I-SF-S1-001-A4-RNAseq2_S1
[2020-12-28 01:39:25,694] multiqc.modules.cutadapt.cutadapt                  [DEBUG  ]  Duplicate sample name found! Overwriting: DDB-PD-005-AMBR-7--S07-RNAseq_S8
[2020-12-28 01:39:25,695] multiqc.modules.cutadapt.cutadapt                  [DEBUG  ]  Duplicate sample name found! Overwriting: DDB-PD-004-AMBR-R3--S10-RNAseq2_S5
[2020-12-28 01:39:25,696] multiqc.modules.cutadapt.cutadapt                  [DEBUG  ]  Duplicate sample name found! Overwriting: DDB-PD-005-AMBR-5--S02-RNAseq_S12
[2020-12-28 01:39:25,697] multiqc.modules.cutadapt.cutadapt                  [DEBUG  ]  Duplicate sample name found! Overwriting: DDB-PD-005-AMBR-8--S02-RNAseq_S9
[2020-12-28 01:39:25,698] multiqc.modules.cutadapt.cutadapt                  [DEBUG  ]  Duplicate sample name found! Overwriting: DDB-PD-005-AMBR-6--S07-RNAseq_S7
[2020-12-28 01:39:25,699] multiqc.modules.cutadapt.cutadapt                  [INFO   ]  Found 13 reports
[2020-12-28 01:39:27,124] multiqc.modules.fastqc.fastqc                      [DEBUG  ]  Duplicate sample name found! Overwriting: DDB-PD-005-AMBR-6--S07-RNAseq_S7
[2020-12-28 01:39:27,939] multiqc.modules.fastqc.fastqc                      [DEBUG  ]  Duplicate sample name found! Overwriting: DDB-PD-004-AMBR-R7--S07-RNAseq2_S4
[2020-12-28 01:39:29,197] multiqc.modules.fastqc.fastqc                      [DEBUG  ]  Duplicate sample name found! Overwriting: DDB-PD-005-AMBR-7--S02-RNAseq_S13
[2020-12-28 01:39:29,753] multiqc.modules.fastqc.fastqc                      [DEBUG  ]  Duplicate sample name found! Overwriting: DDB-PD-009-AMBR-R5--S10-RNAseq2_S6
[2020-12-28 01:39:29,899] multiqc.modules.fastqc.fastqc                      [DEBUG  ]  Duplicate sample name found! Overwriting: DDB-PD-005-AMBR-3--S07-RNAseq_S11
[2020-12-28 01:39:30,112] multiqc.modules.fastqc.fastqc                      [DEBUG  ]  Duplicate sample name found! Overwriting: DDB-PD-005-AMBR-5--S02-RNAseq_S12
[2020-12-28 01:39:30,386] multiqc.modules.fastqc.fastqc                      [DEBUG  ]  Duplicate sample name found! Overwriting: DDB-PD-009-AMBR-R9--S10-RNAseq_S2
[2020-12-28 01:39:30,744] multiqc.modules.fastqc.fastqc                      [DEBUG  ]  Duplicate sample name found! Overwriting: DDB-PD-003-AMBR-R15--S07-RNAseq_S3
[2020-12-28 01:39:31,232] multiqc.modules.fastqc.fastqc                      [DEBUG  ]  Duplicate sample name found! Overwriting: DDB-PD-004-AMBR-R3--S10-RNAseq2_S5
[2020-12-28 01:39:31,386] multiqc.modules.fastqc.fastqc                      [DEBUG  ]  Duplicate sample name found! Overwriting: DDB-PD-005-AMBR-2--S07-RNAseq_S10
[2020-12-28 01:39:31,614] multiqc.modules.fastqc.fastqc                      [DEBUG  ]  Duplicate sample name found! Overwriting: DDB-PD-005-AMBR-7--S07-RNAseq_S8
[2020-12-28 01:39:31,753] multiqc.modules.fastqc.fastqc                      [DEBUG  ]  Duplicate sample name found! Overwriting: DDB-PD-005-AMBR-8--S02-RNAseq_S9
[2020-12-28 01:39:31,978] multiqc.modules.fastqc.fastqc                      [DEBUG  ]  Duplicate sample name found! Overwriting: DDB-I-SF-S1-001-A4-RNAseq2_S1
[2020-12-28 01:39:31,995] multiqc.modules.fastqc.fastqc                      [INFO   ]  Found 13 reports
[2020-12-28 01:39:32,083] multiqc                                            [INFO   ]  Compressing plot data
[2020-12-28 01:39:32,282] multiqc                                            [INFO   ]  Report      : multiqc_report.html
[2020-12-28 01:39:32,283] multiqc                                            [INFO   ]  Data        : multiqc_data
[2020-12-28 01:39:32,283] multiqc                                            [DEBUG  ]  Moving data file from '/tmp/tmpekvtvtb2/multiqc_data' to '/media/katherine/bb1/modulome/20201223_DDB3_batch5/modulome-nextflow/work/0b/c7ce69ae2017f605ae55521a94bcc3/multiqc_data'
[2020-12-28 01:39:32,359] multiqc                                            [INFO   ]  MultiQC complete
