[2020-11-30 05:06:23,581] multiqc                                            [DEBUG  ]  No MultiQC config found: /usr/src/multiqc/multiqc_config.yaml
[2020-11-30 05:06:23,581] multiqc                                            [DEBUG  ]  No MultiQC config found: /root/.multiqc_config.yaml
[2020-11-30 05:06:23,628] multiqc                                            [DEBUG  ]  Loading config settings from: multiqc_config.yaml
[2020-11-30 05:06:23,628] multiqc                                            [DEBUG  ]  New config 'title': Nov 27 2020 DDB RNA-seq QC
[2020-11-30 05:06:23,628] multiqc                                            [DEBUG  ]  New config 'subtitle': Analysis of DDB RNA-seq data
[2020-11-30 05:06:23,628] multiqc                                            [DEBUG  ]  New config 'report_header_info': [{'Contact E-mail': 'kdecker@ucsd.edu'}, {'Application Type': 'Microbial RNA-seq Analysis'}]
[2020-11-30 05:06:23,628] multiqc                                            [DEBUG  ]  New config 'custom_logo': None
[2020-11-30 05:06:23,628] multiqc                                            [DEBUG  ]  New config 'custom_logo_url': None
[2020-11-30 05:06:23,628] multiqc                                            [DEBUG  ]  New config 'custom_logo_title': None
[2020-11-30 05:06:23,628] multiqc                                            [DEBUG  ]  New config 'custom_content': {'order': []}
[2020-11-30 05:06:23,628] multiqc                                            [DEBUG  ]  Added to filename clean extensions: ['val_1', '_val_2', '_1.fastq', '_2.fastq', '.infer_experiment', '_bowtie.txt', '_all.txt.summary']
[2020-11-30 05:06:23,628] multiqc                                            [DEBUG  ]  New config 'rseqc_sections': ['infer_experiment']
[2020-11-30 05:06:23,628] multiqc                                            [DEBUG  ]  New config 'run_modules': ['featureCounts', 'bowtie1', 'rseqc', 'cutadapt', 'fastqc']
[2020-11-30 05:06:23,628] multiqc                                            [DEBUG  ]  New config 'top_modules': []
[2020-11-30 05:06:23,628] multiqc                                            [DEBUG  ]  New config 'module_order': ['featureCounts', 'bowtie1', 'rseqc', 'cutadapt', 'fastqc']
[2020-11-30 05:06:23,632] multiqc                                            [DEBUG  ]  Loading config settings from: multiqc_config.yaml
[2020-11-30 05:06:23,632] multiqc                                            [DEBUG  ]  New config 'title': Nov 27 2020 DDB RNA-seq QC
[2020-11-30 05:06:23,632] multiqc                                            [DEBUG  ]  New config 'subtitle': Analysis of DDB RNA-seq data
[2020-11-30 05:06:23,632] multiqc                                            [DEBUG  ]  New config 'report_header_info': [{'Contact E-mail': 'kdecker@ucsd.edu'}, {'Application Type': 'Microbial RNA-seq Analysis'}]
[2020-11-30 05:06:23,632] multiqc                                            [DEBUG  ]  New config 'custom_logo': None
[2020-11-30 05:06:23,632] multiqc                                            [DEBUG  ]  New config 'custom_logo_url': None
[2020-11-30 05:06:23,632] multiqc                                            [DEBUG  ]  New config 'custom_logo_title': None
[2020-11-30 05:06:23,632] multiqc                                            [DEBUG  ]  New config 'custom_content': {'order': []}
[2020-11-30 05:06:23,632] multiqc                                            [DEBUG  ]  Added to filename clean extensions: ['val_1', '_val_2', '_1.fastq', '_2.fastq', '.infer_experiment', '_bowtie.txt', '_all.txt.summary']
[2020-11-30 05:06:23,632] multiqc                                            [DEBUG  ]  New config 'rseqc_sections': ['infer_experiment']
[2020-11-30 05:06:23,632] multiqc                                            [DEBUG  ]  New config 'run_modules': ['featureCounts', 'bowtie1', 'rseqc', 'cutadapt', 'fastqc']
[2020-11-30 05:06:23,632] multiqc                                            [DEBUG  ]  New config 'top_modules': []
[2020-11-30 05:06:23,632] multiqc                                            [DEBUG  ]  New config 'module_order': ['featureCounts', 'bowtie1', 'rseqc', 'cutadapt', 'fastqc']
[2020-11-30 05:06:23,632] multiqc                                            [DEBUG  ]  Command used: /usr/local/bin/multiqc -f -c multiqc_config.yaml .
[2020-11-30 05:06:24,790] multiqc                                            [DEBUG  ]  Latest MultiQC version is v1.9
[2020-11-30 05:06:24,790] multiqc                                            [INFO   ]  This is MultiQC v1.9.dev0
[2020-11-30 05:06:24,790] multiqc                                            [DEBUG  ]  Command     : /usr/local/bin/multiqc -f -c multiqc_config.yaml .
[2020-11-30 05:06:24,790] multiqc                                            [DEBUG  ]  Working dir : /media/katherine/bb1/modulome/20201127_DDB3/modulome-nextflow/work/f6/2143c0408944ba1cfcd972507315b7
[2020-11-30 05:06:24,790] multiqc                                            [INFO   ]  Template    : default
[2020-11-30 05:06:24,790] multiqc                                            [DEBUG  ]  Running Python 3.8.2 (default, Mar 31 2020, 15:36:08)  [GCC 8.3.0]
[2020-11-30 05:06:24,790] multiqc                                            [INFO   ]  Report title: Nov 27 2020 DDB RNA-seq QC
[2020-11-30 05:06:24,790] multiqc                                            [INFO   ]  Searching   : /media/katherine/bb1/modulome/20201127_DDB3/modulome-nextflow/work/f6/2143c0408944ba1cfcd972507315b7
[2020-11-30 05:06:24,791] multiqc                                            [INFO   ]  Only using modules featureCounts, bowtie1, rseqc, cutadapt, fastqc
[2020-11-30 05:06:24,791] multiqc                                            [DEBUG  ]  Analysing modules: featureCounts, bowtie1, rseqc, cutadapt, fastqc
[2020-11-30 05:06:24,791] multiqc                                            [DEBUG  ]  Using temporary directory for creating report: /tmp/tmpniv958ik
[2020-11-30 05:06:24,798] multiqc                                            [DEBUG  ]  Ignored 214 search patterns as didn't match running modules.
[2020-11-30 05:06:25,385] multiqc                                            [DEBUG  ]  Ignoring file as matched an ignore pattern: DDB-PD-006-AMBR-R7--S03-RNAseq_S27_val_1_fastqc.html
[2020-11-30 05:06:25,385] multiqc                                            [DEBUG  ]  Ignoring file as matched an ignore pattern: DDB-PD-005-AMBR-R7--S02-RNAseq_S4_val_1_fastqc.html
[2020-11-30 05:06:25,386] multiqc                                            [DEBUG  ]  Ignoring file as matched an ignore pattern: DDB-PD-006-AMBR-R2--S10-RNAseq_S36_val_2_fastqc.html
[2020-11-30 05:06:25,386] multiqc                                            [DEBUG  ]  Ignoring file as matched an ignore pattern: DDB-PD-005-AMBR-R3--S10-RNAseq_S16_val_1_fastqc.html
[2020-11-30 05:06:25,386] multiqc                                            [DEBUG  ]  Ignoring file as matched an ignore pattern: DDB-PD-006-AMBR-R6--S03-RNAseq_S26_val_1_fastqc.html
[2020-11-30 05:06:25,386] multiqc                                            [DEBUG  ]  Ignoring file as matched an ignore pattern: DDB-PD-005-AMBR-R8--S02-RNAseq_S5_val_1_fastqc.html
[2020-11-30 05:06:25,386] multiqc                                            [DEBUG  ]  Ignoring file as matched an ignore pattern: DDB-PD-006-AMBR-R2--S02-RNAseq_S23_val_1_fastqc.html
[2020-11-30 05:06:25,386] multiqc                                            [DEBUG  ]  Ignoring file as matched an ignore pattern: DDB-PD-006-AMBR-R8--S03-RNAseq_S28_val_1_fastqc.html
[2020-11-30 05:06:25,387] multiqc                                            [DEBUG  ]  Ignoring file as matched an ignore pattern: DDB-PD-006-AMBR-R8--S09-RNAseq_S34_val_2_fastqc.html
[2020-11-30 05:06:25,387] multiqc                                            [DEBUG  ]  Ignoring file as matched an ignore pattern: DDB-PD-006-AMBR-R6--S03-RNAseq_S26_val_2_fastqc.html
[2020-11-30 05:06:25,387] multiqc                                            [DEBUG  ]  Ignoring file as matched an ignore pattern: DDB-PD-006-AMBR-R5--S07-RNAseq_S31_val_2_fastqc.html
[2020-11-30 05:06:25,387] multiqc                                            [DEBUG  ]  Ignoring file as matched an ignore pattern: DDB-PD-006-AMBR-R8--S03-RNAseq_S28_val_2_fastqc.html
[2020-11-30 05:06:25,387] multiqc                                            [DEBUG  ]  Ignoring file as matched an ignore pattern: DDB-PD-005-AMBR-R6--S02-RNAseq_S3_val_2_fastqc.html
[2020-11-30 05:06:25,388] multiqc                                            [DEBUG  ]  Ignoring file as matched an ignore pattern: DDB-PD-005-AMBR-R2--S10-RNAseq_S15_val_1_fastqc.html
[2020-11-30 05:06:25,388] multiqc                                            [DEBUG  ]  Ignoring file as matched an ignore pattern: DDB-PD-005-AMBR-R8--S07-RNAseq_S13_val_1_fastqc.html
[2020-11-30 05:06:25,388] multiqc                                            [DEBUG  ]  Ignoring file as matched an ignore pattern: DDB-PD-005-AMBR-R1--S07-RNAseq_S7_val_2_fastqc.html
[2020-11-30 05:06:25,389] multiqc                                            [DEBUG  ]  Ignoring file as matched an ignore pattern: DDB-PD-006-AMBR-R1--S07-RNAseq_S30_val_2_fastqc.html
[2020-11-30 05:06:25,389] multiqc                                            [DEBUG  ]  Ignoring file as matched an ignore pattern: DDB-PD-006-AMBR-R2--S02-RNAseq_S23_val_2_fastqc.html
[2020-11-30 05:06:25,389] multiqc                                            [DEBUG  ]  Ignoring file as matched an ignore pattern: DDB-PD-005-AMBR-R5--S02-RNAseq_S2_val_1_fastqc.html
[2020-11-30 05:06:25,389] multiqc                                            [DEBUG  ]  Ignoring file as matched an ignore pattern: DDB-PD-006-AMBR-R5--S07-RNAseq_S31_val_1_fastqc.html
[2020-11-30 05:06:25,390] multiqc                                            [DEBUG  ]  Ignoring file as matched an ignore pattern: DDB-PD-006-AMBR-R9--S03-RNAseq_S29_val_1_fastqc.html
[2020-11-30 05:06:25,390] multiqc                                            [DEBUG  ]  Ignoring file as matched an ignore pattern: DDB-I-SF-S1-001-A5-RNAseq_S24_val_1_fastqc.html
[2020-11-30 05:06:25,390] multiqc                                            [DEBUG  ]  Ignoring file as matched an ignore pattern: DDB-PD-005-AMBR-R8--S10-RNAseq_S21_val_1_fastqc.html
[2020-11-30 05:06:25,390] multiqc                                            [DEBUG  ]  Ignoring file as matched an ignore pattern: DDB-PD-005-AMBR-R4--S02-RNAseq_S1_val_1_fastqc.html
[2020-11-30 05:06:25,390] multiqc                                            [DEBUG  ]  Ignoring file as matched an ignore pattern: DDB-PD-006-AMBR-R6--S07-RNAseq_S32_val_2_fastqc.html
[2020-11-30 05:06:25,390] multiqc                                            [DEBUG  ]  Ignoring file as matched an ignore pattern: DDB-PD-005-AMBR-R1--S10-RNAseq_S14_val_1_fastqc.html
[2020-11-30 05:06:25,390] multiqc                                            [DEBUG  ]  Ignoring file as matched an ignore pattern: DDB-PD-005-AMBR-R7--S07-RNAseq_S12_val_1_fastqc.html
[2020-11-30 05:06:25,390] multiqc                                            [DEBUG  ]  Ignoring file as matched an ignore pattern: DDB-PD-006-AMBR-R7--S07-RNAseq_S33_val_2_fastqc.html
[2020-11-30 05:06:25,391] multiqc                                            [DEBUG  ]  Ignoring file as matched an ignore pattern: DDB-PD-006-AMBR-R6--S07-RNAseq_S32_val_1_fastqc.html
[2020-11-30 05:06:25,391] multiqc                                            [DEBUG  ]  Ignoring file as matched an ignore pattern: DDB-I-SF-S1-001-A5-RNAseq_S24_val_2_fastqc.html
[2020-11-30 05:06:25,391] multiqc                                            [DEBUG  ]  Ignoring file as matched an ignore pattern: DDB-PD-005-AMBR-R3--S07-RNAseq_S8_val_2_fastqc.html
[2020-11-30 05:06:25,391] multiqc                                            [DEBUG  ]  Ignoring file as matched an ignore pattern: DDB-PD-005-AMBR-R6--S07-RNAseq_S11_val_2_fastqc.html
[2020-11-30 05:06:25,391] multiqc                                            [DEBUG  ]  Ignoring file as matched an ignore pattern: DDB-PD-005-AMBR-R3--S07-RNAseq_S8_val_1_fastqc.html
[2020-11-30 05:06:25,391] multiqc                                            [DEBUG  ]  Ignoring file as matched an ignore pattern: DDB-PD-005-AMBR-R4--S02-RNAseq_S1_val_2_fastqc.html
[2020-11-30 05:06:25,392] multiqc                                            [DEBUG  ]  Ignoring file as matched an ignore pattern: DDB-PD-005-AMBR-R3--S10-RNAseq_S16_val_2_fastqc.html
[2020-11-30 05:06:25,392] multiqc                                            [DEBUG  ]  Ignoring file as matched an ignore pattern: DDB-PD-005-AMBR-R4--S07-RNAseq_S9_val_1_fastqc.html
[2020-11-30 05:06:25,392] multiqc                                            [DEBUG  ]  Ignoring file as matched an ignore pattern: DDB-PD-005-AMBR-R2--S07-RNAseq_S6_val_2_fastqc.html
[2020-11-30 05:06:25,392] multiqc                                            [DEBUG  ]  Ignoring file as matched an ignore pattern: DDB-PD-006-AMBR-R1--S07-RNAseq_S30_val_1_fastqc.html
[2020-11-30 05:06:25,392] multiqc                                            [DEBUG  ]  Ignoring file as matched an ignore pattern: DDB-PD-005-AMBR-R5--S10-RNAseq_S18_val_2_fastqc.html
[2020-11-30 05:06:25,393] multiqc                                            [DEBUG  ]  Ignoring file as matched an ignore pattern: DDB-PD-005-AMBR-R5--S02-RNAseq_S2_val_2_fastqc.html
[2020-11-30 05:06:25,393] multiqc                                            [DEBUG  ]  Ignoring file as matched an ignore pattern: DDB-PD-005-AMBR-R4--S10-RNAseq_S17_val_2_fastqc.html
[2020-11-30 05:06:25,393] multiqc                                            [DEBUG  ]  Ignoring file as matched an ignore pattern: DDB-PD-005-AMBR-R7--S07-RNAseq_S12_val_2_fastqc.html
[2020-11-30 05:06:25,394] multiqc                                            [DEBUG  ]  Ignoring file as matched an ignore pattern: DDB-PD-006-AMBR-R1--S02-RNAseq_S22_val_1_fastqc.html
[2020-11-30 05:06:25,394] multiqc                                            [DEBUG  ]  Ignoring file as matched an ignore pattern: DDB-PD-005-AMBR-R2--S07-RNAseq_S6_val_1_fastqc.html
[2020-11-30 05:06:25,394] multiqc                                            [DEBUG  ]  Ignoring file as matched an ignore pattern: DDB-PD-005-AMBR-R7--S02-RNAseq_S4_val_2_fastqc.html
[2020-11-30 05:06:25,394] multiqc                                            [DEBUG  ]  Ignoring file as matched an ignore pattern: DDB-PD-006-AMBR-R5--S02-RNAseq_S25_val_1_fastqc.html
[2020-11-30 05:06:25,394] multiqc                                            [DEBUG  ]  Ignoring file as matched an ignore pattern: DDB-PD-006-AMBR-R7--S07-RNAseq_S33_val_1_fastqc.html
[2020-11-30 05:06:25,394] multiqc                                            [DEBUG  ]  Ignoring file as matched an ignore pattern: DDB-PD-005-AMBR-R4--S07-RNAseq_S9_val_2_fastqc.html
[2020-11-30 05:06:25,394] multiqc                                            [DEBUG  ]  Ignoring file as matched an ignore pattern: DDB-PD-006-AMBR-R7--S03-RNAseq_S27_val_2_fastqc.html
[2020-11-30 05:06:25,394] multiqc                                            [DEBUG  ]  Ignoring file as matched an ignore pattern: DDB-PD-006-AMBR-R1--S10-RNAseq_S35_val_1_fastqc.html
[2020-11-30 05:06:25,394] multiqc                                            [DEBUG  ]  Ignoring file as matched an ignore pattern: DDB-PD-005-AMBR-R2--S10-RNAseq_S15_val_2_fastqc.html
[2020-11-30 05:06:25,394] multiqc                                            [DEBUG  ]  Ignoring file as matched an ignore pattern: DDB-PD-005-AMBR-R6--S10-RNAseq_S19_val_1_fastqc.html
[2020-11-30 05:06:25,394] multiqc                                            [DEBUG  ]  Ignoring file as matched an ignore pattern: DDB-PD-005-AMBR-R5--S07-RNAseq_S10_val_1_fastqc.html
[2020-11-30 05:06:25,395] multiqc                                            [DEBUG  ]  Ignoring file as matched an ignore pattern: DDB-PD-005-AMBR-R5--S10-RNAseq_S18_val_1_fastqc.html
[2020-11-30 05:06:25,395] multiqc                                            [DEBUG  ]  Ignoring file as matched an ignore pattern: DDB-PD-006-AMBR-R9--S03-RNAseq_S29_val_2_fastqc.html
[2020-11-30 05:06:25,395] multiqc                                            [DEBUG  ]  Ignoring file as matched an ignore pattern: DDB-PD-005-AMBR-R6--S07-RNAseq_S11_val_1_fastqc.html
[2020-11-30 05:06:25,395] multiqc                                            [DEBUG  ]  Ignoring file as matched an ignore pattern: DDB-PD-005-AMBR-R8--S02-RNAseq_S5_val_2_fastqc.html
[2020-11-30 05:06:25,395] multiqc                                            [DEBUG  ]  Ignoring file as matched an ignore pattern: DDB-PD-005-AMBR-R8--S10-RNAseq_S21_val_2_fastqc.html
[2020-11-30 05:06:25,395] multiqc                                            [DEBUG  ]  Ignoring file as matched an ignore pattern: DDB-PD-005-AMBR-R4--S10-RNAseq_S17_val_1_fastqc.html
[2020-11-30 05:06:25,395] multiqc                                            [DEBUG  ]  Ignoring file as matched an ignore pattern: DDB-PD-005-AMBR-R6--S02-RNAseq_S3_val_1_fastqc.html
[2020-11-30 05:06:25,395] multiqc                                            [DEBUG  ]  Ignoring file as matched an ignore pattern: DDB-PD-005-AMBR-R6--S10-RNAseq_S19_val_2_fastqc.html
[2020-11-30 05:06:25,395] multiqc                                            [DEBUG  ]  Ignoring file as matched an ignore pattern: DDB-PD-006-AMBR-R5--S02-RNAseq_S25_val_2_fastqc.html
[2020-11-30 05:06:25,396] multiqc                                            [DEBUG  ]  Ignoring file as matched an ignore pattern: DDB-PD-005-AMBR-R1--S10-RNAseq_S14_val_2_fastqc.html
[2020-11-30 05:06:25,396] multiqc                                            [DEBUG  ]  Ignoring file as matched an ignore pattern: DDB-PD-005-AMBR-R8--S07-RNAseq_S13_val_2_fastqc.html
[2020-11-30 05:06:25,396] multiqc                                            [DEBUG  ]  Ignoring file as matched an ignore pattern: DDB-PD-005-AMBR-R7--S10-RNAseq_S20_val_2_fastqc.html
[2020-11-30 05:06:25,396] multiqc                                            [DEBUG  ]  Ignoring file as matched an ignore pattern: DDB-PD-006-AMBR-R2--S10-RNAseq_S36_val_1_fastqc.html
[2020-11-30 05:06:25,396] multiqc                                            [DEBUG  ]  Ignoring file as matched an ignore pattern: DDB-PD-006-AMBR-R8--S09-RNAseq_S34_val_1_fastqc.html
[2020-11-30 05:06:25,396] multiqc                                            [DEBUG  ]  Ignoring file as matched an ignore pattern: DDB-PD-006-AMBR-R1--S02-RNAseq_S22_val_2_fastqc.html
[2020-11-30 05:06:25,396] multiqc                                            [DEBUG  ]  Ignoring file as matched an ignore pattern: DDB-PD-005-AMBR-R5--S07-RNAseq_S10_val_2_fastqc.html
[2020-11-30 05:06:25,396] multiqc                                            [DEBUG  ]  Ignoring file as matched an ignore pattern: DDB-PD-005-AMBR-R7--S10-RNAseq_S20_val_1_fastqc.html
[2020-11-30 05:06:25,396] multiqc                                            [DEBUG  ]  Ignoring file as matched an ignore pattern: DDB-PD-005-AMBR-R1--S07-RNAseq_S7_val_1_fastqc.html
[2020-11-30 05:06:25,396] multiqc                                            [DEBUG  ]  Ignoring file as matched an ignore pattern: DDB-PD-006-AMBR-R1--S10-RNAseq_S35_val_2_fastqc.html
[2020-11-30 05:06:25,993] multiqc.plots.bargraph                             [DEBUG  ]  Using matplotlib version 3.2.1
[2020-11-30 05:06:26,037] multiqc.modules.featureCounts.feature_counts       [INFO   ]  Found 36 reports
[2020-11-30 05:06:26,047] multiqc.modules.bowtie1.bowtie1                    [INFO   ]  Found 36 reports
[2020-11-30 05:06:26,057] multiqc.modules.rseqc.rseqc                        [INFO   ]  Found 36 infer_experiment reports
[2020-11-30 05:06:26,064] multiqc.plots.linegraph                            [DEBUG  ]  Using matplotlib version 3.2.1
[2020-11-30 05:06:26,072] multiqc.modules.cutadapt.cutadapt                  [DEBUG  ]  Duplicate sample name found! Overwriting: DDB-PD-005-AMBR-R4--S07-RNAseq_S9
[2020-11-30 05:06:26,075] multiqc.modules.cutadapt.cutadapt                  [DEBUG  ]  Duplicate sample name found! Overwriting: DDB-PD-005-AMBR-R6--S02-RNAseq_S3
[2020-11-30 05:06:26,076] multiqc.modules.cutadapt.cutadapt                  [DEBUG  ]  Duplicate sample name found! Overwriting: DDB-PD-006-AMBR-R5--S02-RNAseq_S25
[2020-11-30 05:06:26,083] multiqc.modules.cutadapt.cutadapt                  [DEBUG  ]  Duplicate sample name found! Overwriting: DDB-PD-005-AMBR-R3--S10-RNAseq_S16
[2020-11-30 05:06:26,087] multiqc.modules.cutadapt.cutadapt                  [DEBUG  ]  Duplicate sample name found! Overwriting: DDB-PD-006-AMBR-R7--S07-RNAseq_S33
[2020-11-30 05:06:26,090] multiqc.modules.cutadapt.cutadapt                  [DEBUG  ]  Duplicate sample name found! Overwriting: DDB-PD-006-AMBR-R1--S07-RNAseq_S30
[2020-11-30 05:06:26,091] multiqc.modules.cutadapt.cutadapt                  [DEBUG  ]  Duplicate sample name found! Overwriting: DDB-PD-006-AMBR-R1--S02-RNAseq_S22
[2020-11-30 05:06:26,092] multiqc.modules.cutadapt.cutadapt                  [DEBUG  ]  Duplicate sample name found! Overwriting: DDB-PD-005-AMBR-R7--S10-RNAseq_S20
[2020-11-30 05:06:26,095] multiqc.modules.cutadapt.cutadapt                  [DEBUG  ]  Duplicate sample name found! Overwriting: DDB-PD-005-AMBR-R5--S02-RNAseq_S2
[2020-11-30 05:06:26,096] multiqc.modules.cutadapt.cutadapt                  [DEBUG  ]  Duplicate sample name found! Overwriting: DDB-PD-005-AMBR-R7--S07-RNAseq_S12
[2020-11-30 05:06:26,098] multiqc.modules.cutadapt.cutadapt                  [DEBUG  ]  Duplicate sample name found! Overwriting: DDB-PD-005-AMBR-R8--S10-RNAseq_S21
[2020-11-30 05:06:26,102] multiqc.modules.cutadapt.cutadapt                  [DEBUG  ]  Duplicate sample name found! Overwriting: DDB-PD-005-AMBR-R6--S10-RNAseq_S19
[2020-11-30 05:06:26,103] multiqc.modules.cutadapt.cutadapt                  [DEBUG  ]  Duplicate sample name found! Overwriting: DDB-PD-006-AMBR-R2--S02-RNAseq_S23
[2020-11-30 05:06:26,104] multiqc.modules.cutadapt.cutadapt                  [DEBUG  ]  Duplicate sample name found! Overwriting: DDB-PD-006-AMBR-R9--S03-RNAseq_S29
[2020-11-30 05:06:26,107] multiqc.modules.cutadapt.cutadapt                  [DEBUG  ]  Duplicate sample name found! Overwriting: DDB-PD-005-AMBR-R2--S07-RNAseq_S6
[2020-11-30 05:06:26,108] multiqc.modules.cutadapt.cutadapt                  [DEBUG  ]  Duplicate sample name found! Overwriting: DDB-PD-005-AMBR-R4--S10-RNAseq_S17
[2020-11-30 05:06:26,111] multiqc.modules.cutadapt.cutadapt                  [DEBUG  ]  Duplicate sample name found! Overwriting: DDB-PD-006-AMBR-R8--S09-RNAseq_S34
[2020-11-30 05:06:26,112] multiqc.modules.cutadapt.cutadapt                  [DEBUG  ]  Duplicate sample name found! Overwriting: DDB-I-SF-S1-001-A5-RNAseq_S24
[2020-11-30 05:06:26,113] multiqc.modules.cutadapt.cutadapt                  [DEBUG  ]  Duplicate sample name found! Overwriting: DDB-PD-005-AMBR-R8--S02-RNAseq_S5
[2020-11-30 05:06:26,114] multiqc.modules.cutadapt.cutadapt                  [DEBUG  ]  Duplicate sample name found! Overwriting: DDB-PD-005-AMBR-R2--S10-RNAseq_S15
[2020-11-30 05:06:26,116] multiqc.modules.cutadapt.cutadapt                  [DEBUG  ]  Duplicate sample name found! Overwriting: DDB-PD-006-AMBR-R1--S10-RNAseq_S35
[2020-11-30 05:06:26,117] multiqc.modules.cutadapt.cutadapt                  [DEBUG  ]  Duplicate sample name found! Overwriting: DDB-PD-005-AMBR-R1--S10-RNAseq_S14
[2020-11-30 05:06:26,118] multiqc.modules.cutadapt.cutadapt                  [DEBUG  ]  Duplicate sample name found! Overwriting: DDB-PD-005-AMBR-R3--S07-RNAseq_S8
[2020-11-30 05:06:26,119] multiqc.modules.cutadapt.cutadapt                  [DEBUG  ]  Duplicate sample name found! Overwriting: DDB-PD-006-AMBR-R2--S10-RNAseq_S36
[2020-11-30 05:06:26,121] multiqc.modules.cutadapt.cutadapt                  [DEBUG  ]  Duplicate sample name found! Overwriting: DDB-PD-006-AMBR-R6--S07-RNAseq_S32
[2020-11-30 05:06:26,122] multiqc.modules.cutadapt.cutadapt                  [DEBUG  ]  Duplicate sample name found! Overwriting: DDB-PD-005-AMBR-R4--S02-RNAseq_S1
[2020-11-30 05:06:26,123] multiqc.modules.cutadapt.cutadapt                  [DEBUG  ]  Duplicate sample name found! Overwriting: DDB-PD-006-AMBR-R8--S03-RNAseq_S28
[2020-11-30 05:06:26,124] multiqc.modules.cutadapt.cutadapt                  [DEBUG  ]  Duplicate sample name found! Overwriting: DDB-PD-005-AMBR-R5--S07-RNAseq_S10
[2020-11-30 05:06:26,125] multiqc.modules.cutadapt.cutadapt                  [DEBUG  ]  Duplicate sample name found! Overwriting: DDB-PD-005-AMBR-R1--S07-RNAseq_S7
[2020-11-30 05:06:26,125] multiqc.modules.cutadapt.cutadapt                  [DEBUG  ]  Duplicate sample name found! Overwriting: DDB-PD-006-AMBR-R7--S03-RNAseq_S27
[2020-11-30 05:06:26,126] multiqc.modules.cutadapt.cutadapt                  [DEBUG  ]  Duplicate sample name found! Overwriting: DDB-PD-005-AMBR-R7--S02-RNAseq_S4
[2020-11-30 05:06:26,127] multiqc.modules.cutadapt.cutadapt                  [DEBUG  ]  Duplicate sample name found! Overwriting: DDB-PD-006-AMBR-R6--S03-RNAseq_S26
[2020-11-30 05:06:26,128] multiqc.modules.cutadapt.cutadapt                  [DEBUG  ]  Duplicate sample name found! Overwriting: DDB-PD-005-AMBR-R6--S07-RNAseq_S11
[2020-11-30 05:06:26,129] multiqc.modules.cutadapt.cutadapt                  [DEBUG  ]  Duplicate sample name found! Overwriting: DDB-PD-005-AMBR-R5--S10-RNAseq_S18
[2020-11-30 05:06:26,130] multiqc.modules.cutadapt.cutadapt                  [DEBUG  ]  Duplicate sample name found! Overwriting: DDB-PD-005-AMBR-R8--S07-RNAseq_S13
[2020-11-30 05:06:26,131] multiqc.modules.cutadapt.cutadapt                  [DEBUG  ]  Duplicate sample name found! Overwriting: DDB-PD-006-AMBR-R5--S07-RNAseq_S31
[2020-11-30 05:06:26,132] multiqc.modules.cutadapt.cutadapt                  [INFO   ]  Found 36 reports
[2020-11-30 05:06:27,179] multiqc.modules.fastqc.fastqc                      [DEBUG  ]  Duplicate sample name found! Overwriting: DDB-PD-006-AMBR-R6--S07-RNAseq_S32
[2020-11-30 05:06:27,223] multiqc.modules.fastqc.fastqc                      [DEBUG  ]  Duplicate sample name found! Overwriting: DDB-PD-005-AMBR-R5--S10-RNAseq_S18
[2020-11-30 05:06:27,305] multiqc.modules.fastqc.fastqc                      [DEBUG  ]  Duplicate sample name found! Overwriting: DDB-PD-006-AMBR-R1--S02-RNAseq_S22
[2020-11-30 05:06:27,391] multiqc.modules.fastqc.fastqc                      [DEBUG  ]  Duplicate sample name found! Overwriting: DDB-PD-006-AMBR-R8--S09-RNAseq_S34
[2020-11-30 05:06:27,442] multiqc.modules.fastqc.fastqc                      [DEBUG  ]  Duplicate sample name found! Overwriting: DDB-PD-006-AMBR-R5--S02-RNAseq_S25
[2020-11-30 05:06:27,466] multiqc.modules.fastqc.fastqc                      [DEBUG  ]  Duplicate sample name found! Overwriting: DDB-PD-006-AMBR-R7--S07-RNAseq_S33
[2020-11-30 05:06:27,487] multiqc.modules.fastqc.fastqc                      [DEBUG  ]  Duplicate sample name found! Overwriting: DDB-PD-006-AMBR-R1--S10-RNAseq_S35
[2020-11-30 05:06:27,638] multiqc.modules.fastqc.fastqc                      [DEBUG  ]  Duplicate sample name found! Overwriting: DDB-PD-006-AMBR-R1--S07-RNAseq_S30
[2020-11-30 05:06:27,663] multiqc.modules.fastqc.fastqc                      [DEBUG  ]  Duplicate sample name found! Overwriting: DDB-PD-005-AMBR-R6--S02-RNAseq_S3
[2020-11-30 05:06:27,681] multiqc.modules.fastqc.fastqc                      [DEBUG  ]  Duplicate sample name found! Overwriting: DDB-PD-005-AMBR-R4--S02-RNAseq_S1
[2020-11-30 05:06:27,711] multiqc.modules.fastqc.fastqc                      [DEBUG  ]  Duplicate sample name found! Overwriting: DDB-PD-005-AMBR-R8--S02-RNAseq_S5
[2020-11-30 05:06:27,770] multiqc.modules.fastqc.fastqc                      [DEBUG  ]  Duplicate sample name found! Overwriting: DDB-PD-005-AMBR-R6--S07-RNAseq_S11
[2020-11-30 05:06:27,917] multiqc.modules.fastqc.fastqc                      [DEBUG  ]  Duplicate sample name found! Overwriting: DDB-PD-005-AMBR-R7--S07-RNAseq_S12
[2020-11-30 05:06:27,943] multiqc.modules.fastqc.fastqc                      [DEBUG  ]  Duplicate sample name found! Overwriting: DDB-PD-005-AMBR-R5--S02-RNAseq_S2
[2020-11-30 05:06:28,077] multiqc.modules.fastqc.fastqc                      [DEBUG  ]  Duplicate sample name found! Overwriting: DDB-PD-005-AMBR-R7--S10-RNAseq_S20
[2020-11-30 05:06:28,098] multiqc.modules.fastqc.fastqc                      [DEBUG  ]  Duplicate sample name found! Overwriting: DDB-PD-005-AMBR-R1--S07-RNAseq_S7
[2020-11-30 05:06:28,123] multiqc.modules.fastqc.fastqc                      [DEBUG  ]  Duplicate sample name found! Overwriting: DDB-PD-005-AMBR-R2--S07-RNAseq_S6
[2020-11-30 05:06:28,149] multiqc.modules.fastqc.fastqc                      [DEBUG  ]  Duplicate sample name found! Overwriting: DDB-PD-005-AMBR-R2--S10-RNAseq_S15
[2020-11-30 05:06:28,183] multiqc.modules.fastqc.fastqc                      [DEBUG  ]  Duplicate sample name found! Overwriting: DDB-PD-005-AMBR-R1--S10-RNAseq_S14
[2020-11-30 05:06:28,227] multiqc.modules.fastqc.fastqc                      [DEBUG  ]  Duplicate sample name found! Overwriting: DDB-PD-006-AMBR-R5--S07-RNAseq_S31
[2020-11-30 05:06:28,266] multiqc.modules.fastqc.fastqc                      [DEBUG  ]  Duplicate sample name found! Overwriting: DDB-PD-005-AMBR-R4--S10-RNAseq_S17
[2020-11-30 05:06:28,289] multiqc.modules.fastqc.fastqc                      [DEBUG  ]  Duplicate sample name found! Overwriting: DDB-PD-005-AMBR-R3--S10-RNAseq_S16
[2020-11-30 05:06:28,319] multiqc.modules.fastqc.fastqc                      [DEBUG  ]  Duplicate sample name found! Overwriting: DDB-PD-005-AMBR-R8--S10-RNAseq_S21
[2020-11-30 05:06:28,341] multiqc.modules.fastqc.fastqc                      [DEBUG  ]  Duplicate sample name found! Overwriting: DDB-PD-005-AMBR-R6--S10-RNAseq_S19
[2020-11-30 05:06:28,363] multiqc.modules.fastqc.fastqc                      [DEBUG  ]  Duplicate sample name found! Overwriting: DDB-PD-006-AMBR-R8--S03-RNAseq_S28
[2020-11-30 05:06:28,383] multiqc.modules.fastqc.fastqc                      [DEBUG  ]  Duplicate sample name found! Overwriting: DDB-PD-005-AMBR-R3--S07-RNAseq_S8
[2020-11-30 05:06:28,407] multiqc.modules.fastqc.fastqc                      [DEBUG  ]  Duplicate sample name found! Overwriting: DDB-PD-005-AMBR-R4--S07-RNAseq_S9
[2020-11-30 05:06:28,436] multiqc.modules.fastqc.fastqc                      [DEBUG  ]  Duplicate sample name found! Overwriting: DDB-PD-005-AMBR-R7--S02-RNAseq_S4
[2020-11-30 05:06:28,464] multiqc.modules.fastqc.fastqc                      [DEBUG  ]  Duplicate sample name found! Overwriting: DDB-PD-006-AMBR-R7--S03-RNAseq_S27
[2020-11-30 05:06:28,493] multiqc.modules.fastqc.fastqc                      [DEBUG  ]  Duplicate sample name found! Overwriting: DDB-PD-006-AMBR-R6--S03-RNAseq_S26
[2020-11-30 05:06:28,516] multiqc.modules.fastqc.fastqc                      [DEBUG  ]  Duplicate sample name found! Overwriting: DDB-PD-006-AMBR-R2--S10-RNAseq_S36
[2020-11-30 05:06:28,552] multiqc.modules.fastqc.fastqc                      [DEBUG  ]  Duplicate sample name found! Overwriting: DDB-I-SF-S1-001-A5-RNAseq_S24
[2020-11-30 05:06:28,575] multiqc.modules.fastqc.fastqc                      [DEBUG  ]  Duplicate sample name found! Overwriting: DDB-PD-006-AMBR-R9--S03-RNAseq_S29
[2020-11-30 05:06:28,594] multiqc.modules.fastqc.fastqc                      [DEBUG  ]  Duplicate sample name found! Overwriting: DDB-PD-005-AMBR-R8--S07-RNAseq_S13
[2020-11-30 05:06:28,612] multiqc.modules.fastqc.fastqc                      [DEBUG  ]  Duplicate sample name found! Overwriting: DDB-PD-006-AMBR-R2--S02-RNAseq_S23
[2020-11-30 05:06:28,631] multiqc.modules.fastqc.fastqc                      [DEBUG  ]  Duplicate sample name found! Overwriting: DDB-PD-005-AMBR-R5--S07-RNAseq_S10
[2020-11-30 05:06:28,645] multiqc.modules.fastqc.fastqc                      [INFO   ]  Found 36 reports
[2020-11-30 05:06:28,940] multiqc                                            [INFO   ]  Compressing plot data
[2020-11-30 05:06:29,466] multiqc                                            [INFO   ]  Report      : multiqc_report.html
[2020-11-30 05:06:29,466] multiqc                                            [INFO   ]  Data        : multiqc_data
[2020-11-30 05:06:29,466] multiqc                                            [DEBUG  ]  Moving data file from '/tmp/tmpniv958ik/multiqc_data' to '/media/katherine/bb1/modulome/20201127_DDB3/modulome-nextflow/work/f6/2143c0408944ba1cfcd972507315b7/multiqc_data'
[2020-11-30 05:06:29,549] multiqc                                            [INFO   ]  MultiQC complete
